Aug 2, 2016 9:59:24 AM org.apache.catalina.core.ApplicationContext log
SEVERE: Exception while dispatching incoming RPC call
com.google.gwt.user.client.rpc.SerializationException: Type 'org.codehaus.xfire.XFireRuntimeException' was not included in the set of types which can be serialized by this SerializationPolicy or its Class object could not be loaded. For security purposes, this type will not be serialized.
	at com.google.gwt.user.server.rpc.impl.StandardSerializationPolicy.validateSerialize(StandardSerializationPolicy.java:83)
	at com.google.gwt.user.server.rpc.impl.ServerSerializationStreamWriter.serialize(ServerSerializationStreamWriter.java:591)
	at com.google.gwt.user.client.rpc.impl.AbstractSerializationStreamWriter.writeObject(AbstractSerializationStreamWriter.java:129)
	at com.google.gwt.user.server.rpc.impl.ServerSerializationStreamWriter$ValueWriter$8.write(ServerSerializationStreamWriter.java:146)
	at com.google.gwt.user.server.rpc.impl.ServerSerializationStreamWriter.serializeValue(ServerSerializationStreamWriter.java:530)
	at com.google.gwt.user.server.rpc.RPC.encodeResponse(RPC.java:573)
	at com.google.gwt.user.server.rpc.RPC.encodeResponseForFailure(RPC.java:365)
	at com.google.gwt.user.server.rpc.RPC.invokeAndEncodeResponse(RPC.java:546)
	at com.google.gwt.user.server.rpc.RemoteServiceServlet.processCall(RemoteServiceServlet.java:164)
	at com.google.gwt.user.server.rpc.RemoteServiceServlet.doPost(RemoteServiceServlet.java:86)
	at javax.servlet.http.HttpServlet.service(HttpServlet.java:709)
	at javax.servlet.http.HttpServlet.service(HttpServlet.java:802)
	at org.apache.catalina.core.ApplicationFilterChain.internalDoFilter(ApplicationFilterChain.java:252)
	at org.apache.catalina.core.ApplicationFilterChain.doFilter(ApplicationFilterChain.java:173)
	at org.apache.catalina.core.StandardWrapperValve.invoke(StandardWrapperValve.java:213)
	at org.apache.catalina.core.StandardContextValve.invoke(StandardContextValve.java:178)
	at org.apache.catalina.core.StandardHostValve.invoke(StandardHostValve.java:126)
	at org.apache.catalina.valves.ErrorReportValve.invoke(ErrorReportValve.java:105)
	at org.apache.catalina.core.StandardEngineValve.invoke(StandardEngineValve.java:107)
	at org.apache.catalina.connector.CoyoteAdapter.service(CoyoteAdapter.java:148)
	at org.apache.coyote.http11.Http11Processor.process(Http11Processor.java:869)
	at org.apache.coyote.http11.Http11BaseProtocol$Http11ConnectionHandler.processConnection(Http11BaseProtocol.java:664)
	at org.apache.tomcat.util.net.PoolTcpEndpoint.processSocket(PoolTcpEndpoint.java:527)
	at org.apache.tomcat.util.net.LeaderFollowerWorkerThread.runIt(LeaderFollowerWorkerThread.java:80)
	at org.apache.tomcat.util.threads.ThreadPool$ControlRunnable.run(ThreadPool.java:684)
	at java.lang.Thread.run(Thread.java:595)
Aug 2, 2016 10:02:34 AM org.apache.catalina.core.ApplicationContext log
SEVERE: Exception while dispatching incoming RPC call
com.google.gwt.user.client.rpc.SerializationException: Type 'org.codehaus.xfire.XFireRuntimeException' was not included in the set of types which can be serialized by this SerializationPolicy or its Class object could not be loaded. For security purposes, this type will not be serialized.
	at com.google.gwt.user.server.rpc.impl.StandardSerializationPolicy.validateSerialize(StandardSerializationPolicy.java:83)
	at com.google.gwt.user.server.rpc.impl.ServerSerializationStreamWriter.serialize(ServerSerializationStreamWriter.java:591)
	at com.google.gwt.user.client.rpc.impl.AbstractSerializationStreamWriter.writeObject(AbstractSerializationStreamWriter.java:129)
	at com.google.gwt.user.server.rpc.impl.ServerSerializationStreamWriter$ValueWriter$8.write(ServerSerializationStreamWriter.java:146)
	at com.google.gwt.user.server.rpc.impl.ServerSerializationStreamWriter.serializeValue(ServerSerializationStreamWriter.java:530)
	at com.google.gwt.user.server.rpc.RPC.encodeResponse(RPC.java:573)
	at com.google.gwt.user.server.rpc.RPC.encodeResponseForFailure(RPC.java:365)
	at com.google.gwt.user.server.rpc.RPC.invokeAndEncodeResponse(RPC.java:546)
	at com.google.gwt.user.server.rpc.RemoteServiceServlet.processCall(RemoteServiceServlet.java:164)
	at com.google.gwt.user.server.rpc.RemoteServiceServlet.doPost(RemoteServiceServlet.java:86)
	at javax.servlet.http.HttpServlet.service(HttpServlet.java:709)
	at javax.servlet.http.HttpServlet.service(HttpServlet.java:802)
	at org.apache.catalina.core.ApplicationFilterChain.internalDoFilter(ApplicationFilterChain.java:252)
	at org.apache.catalina.core.ApplicationFilterChain.doFilter(ApplicationFilterChain.java:173)
	at org.apache.catalina.core.StandardWrapperValve.invoke(StandardWrapperValve.java:213)
	at org.apache.catalina.core.StandardContextValve.invoke(StandardContextValve.java:178)
	at org.apache.catalina.core.StandardHostValve.invoke(StandardHostValve.java:126)
	at org.apache.catalina.valves.ErrorReportValve.invoke(ErrorReportValve.java:105)
	at org.apache.catalina.core.StandardEngineValve.invoke(StandardEngineValve.java:107)
	at org.apache.catalina.connector.CoyoteAdapter.service(CoyoteAdapter.java:148)
	at org.apache.coyote.http11.Http11Processor.process(Http11Processor.java:869)
	at org.apache.coyote.http11.Http11BaseProtocol$Http11ConnectionHandler.processConnection(Http11BaseProtocol.java:664)
	at org.apache.tomcat.util.net.PoolTcpEndpoint.processSocket(PoolTcpEndpoint.java:527)
	at org.apache.tomcat.util.net.LeaderFollowerWorkerThread.runIt(LeaderFollowerWorkerThread.java:80)
	at org.apache.tomcat.util.threads.ThreadPool$ControlRunnable.run(ThreadPool.java:684)
	at java.lang.Thread.run(Thread.java:595)
Aug 2, 2016 10:03:06 AM org.apache.catalina.core.ApplicationContext log
SEVERE: Exception while dispatching incoming RPC call
com.google.gwt.user.client.rpc.SerializationException: Type 'org.codehaus.xfire.XFireRuntimeException' was not included in the set of types which can be serialized by this SerializationPolicy or its Class object could not be loaded. For security purposes, this type will not be serialized.
	at com.google.gwt.user.server.rpc.impl.StandardSerializationPolicy.validateSerialize(StandardSerializationPolicy.java:83)
	at com.google.gwt.user.server.rpc.impl.ServerSerializationStreamWriter.serialize(ServerSerializationStreamWriter.java:591)
	at com.google.gwt.user.client.rpc.impl.AbstractSerializationStreamWriter.writeObject(AbstractSerializationStreamWriter.java:129)
	at com.google.gwt.user.server.rpc.impl.ServerSerializationStreamWriter$ValueWriter$8.write(ServerSerializationStreamWriter.java:146)
	at com.google.gwt.user.server.rpc.impl.ServerSerializationStreamWriter.serializeValue(ServerSerializationStreamWriter.java:530)
	at com.google.gwt.user.server.rpc.RPC.encodeResponse(RPC.java:573)
	at com.google.gwt.user.server.rpc.RPC.encodeResponseForFailure(RPC.java:365)
	at com.google.gwt.user.server.rpc.RPC.invokeAndEncodeResponse(RPC.java:546)
	at com.google.gwt.user.server.rpc.RemoteServiceServlet.processCall(RemoteServiceServlet.java:164)
	at com.google.gwt.user.server.rpc.RemoteServiceServlet.doPost(RemoteServiceServlet.java:86)
	at javax.servlet.http.HttpServlet.service(HttpServlet.java:709)
	at javax.servlet.http.HttpServlet.service(HttpServlet.java:802)
	at org.apache.catalina.core.ApplicationFilterChain.internalDoFilter(ApplicationFilterChain.java:252)
	at org.apache.catalina.core.ApplicationFilterChain.doFilter(ApplicationFilterChain.java:173)
	at org.apache.catalina.core.StandardWrapperValve.invoke(StandardWrapperValve.java:213)
	at org.apache.catalina.core.StandardContextValve.invoke(StandardContextValve.java:178)
	at org.apache.catalina.core.StandardHostValve.invoke(StandardHostValve.java:126)
	at org.apache.catalina.valves.ErrorReportValve.invoke(ErrorReportValve.java:105)
	at org.apache.catalina.core.StandardEngineValve.invoke(StandardEngineValve.java:107)
	at org.apache.catalina.connector.CoyoteAdapter.service(CoyoteAdapter.java:148)
	at org.apache.coyote.http11.Http11Processor.process(Http11Processor.java:869)
	at org.apache.coyote.http11.Http11BaseProtocol$Http11ConnectionHandler.processConnection(Http11BaseProtocol.java:664)
	at org.apache.tomcat.util.net.PoolTcpEndpoint.processSocket(PoolTcpEndpoint.java:527)
	at org.apache.tomcat.util.net.LeaderFollowerWorkerThread.runIt(LeaderFollowerWorkerThread.java:80)
	at org.apache.tomcat.util.threads.ThreadPool$ControlRunnable.run(ThreadPool.java:684)
	at java.lang.Thread.run(Thread.java:595)
Aug 2, 2016 10:03:10 AM org.apache.catalina.core.ApplicationContext log
SEVERE: Exception while dispatching incoming RPC call
com.google.gwt.user.client.rpc.SerializationException: Type 'org.codehaus.xfire.XFireRuntimeException' was not included in the set of types which can be serialized by this SerializationPolicy or its Class object could not be loaded. For security purposes, this type will not be serialized.
	at com.google.gwt.user.server.rpc.impl.StandardSerializationPolicy.validateSerialize(StandardSerializationPolicy.java:83)
	at com.google.gwt.user.server.rpc.impl.ServerSerializationStreamWriter.serialize(ServerSerializationStreamWriter.java:591)
	at com.google.gwt.user.client.rpc.impl.AbstractSerializationStreamWriter.writeObject(AbstractSerializationStreamWriter.java:129)
	at com.google.gwt.user.server.rpc.impl.ServerSerializationStreamWriter$ValueWriter$8.write(ServerSerializationStreamWriter.java:146)
	at com.google.gwt.user.server.rpc.impl.ServerSerializationStreamWriter.serializeValue(ServerSerializationStreamWriter.java:530)
	at com.google.gwt.user.server.rpc.RPC.encodeResponse(RPC.java:573)
	at com.google.gwt.user.server.rpc.RPC.encodeResponseForFailure(RPC.java:365)
	at com.google.gwt.user.server.rpc.RPC.invokeAndEncodeResponse(RPC.java:546)
	at com.google.gwt.user.server.rpc.RemoteServiceServlet.processCall(RemoteServiceServlet.java:164)
	at com.google.gwt.user.server.rpc.RemoteServiceServlet.doPost(RemoteServiceServlet.java:86)
	at javax.servlet.http.HttpServlet.service(HttpServlet.java:709)
	at javax.servlet.http.HttpServlet.service(HttpServlet.java:802)
	at org.apache.catalina.core.ApplicationFilterChain.internalDoFilter(ApplicationFilterChain.java:252)
	at org.apache.catalina.core.ApplicationFilterChain.doFilter(ApplicationFilterChain.java:173)
	at org.apache.catalina.core.StandardWrapperValve.invoke(StandardWrapperValve.java:213)
	at org.apache.catalina.core.StandardContextValve.invoke(StandardContextValve.java:178)
	at org.apache.catalina.core.StandardHostValve.invoke(StandardHostValve.java:126)
	at org.apache.catalina.valves.ErrorReportValve.invoke(ErrorReportValve.java:105)
	at org.apache.catalina.core.StandardEngineValve.invoke(StandardEngineValve.java:107)
	at org.apache.catalina.connector.CoyoteAdapter.service(CoyoteAdapter.java:148)
	at org.apache.coyote.http11.Http11Processor.process(Http11Processor.java:869)
	at org.apache.coyote.http11.Http11BaseProtocol$Http11ConnectionHandler.processConnection(Http11BaseProtocol.java:664)
	at org.apache.tomcat.util.net.PoolTcpEndpoint.processSocket(PoolTcpEndpoint.java:527)
	at org.apache.tomcat.util.net.LeaderFollowerWorkerThread.runIt(LeaderFollowerWorkerThread.java:80)
	at org.apache.tomcat.util.threads.ThreadPool$ControlRunnable.run(ThreadPool.java:684)
	at java.lang.Thread.run(Thread.java:595)
Aug 2, 2016 10:03:19 AM org.apache.catalina.core.ApplicationContext log
SEVERE: Exception while dispatching incoming RPC call
com.google.gwt.user.client.rpc.SerializationException: Type 'org.codehaus.xfire.XFireRuntimeException' was not included in the set of types which can be serialized by this SerializationPolicy or its Class object could not be loaded. For security purposes, this type will not be serialized.
	at com.google.gwt.user.server.rpc.impl.StandardSerializationPolicy.validateSerialize(StandardSerializationPolicy.java:83)
	at com.google.gwt.user.server.rpc.impl.ServerSerializationStreamWriter.serialize(ServerSerializationStreamWriter.java:591)
	at com.google.gwt.user.client.rpc.impl.AbstractSerializationStreamWriter.writeObject(AbstractSerializationStreamWriter.java:129)
	at com.google.gwt.user.server.rpc.impl.ServerSerializationStreamWriter$ValueWriter$8.write(ServerSerializationStreamWriter.java:146)
	at com.google.gwt.user.server.rpc.impl.ServerSerializationStreamWriter.serializeValue(ServerSerializationStreamWriter.java:530)
	at com.google.gwt.user.server.rpc.RPC.encodeResponse(RPC.java:573)
	at com.google.gwt.user.server.rpc.RPC.encodeResponseForFailure(RPC.java:365)
	at com.google.gwt.user.server.rpc.RPC.invokeAndEncodeResponse(RPC.java:546)
	at com.google.gwt.user.server.rpc.RemoteServiceServlet.processCall(RemoteServiceServlet.java:164)
	at com.google.gwt.user.server.rpc.RemoteServiceServlet.doPost(RemoteServiceServlet.java:86)
	at javax.servlet.http.HttpServlet.service(HttpServlet.java:709)
	at javax.servlet.http.HttpServlet.service(HttpServlet.java:802)
	at org.apache.catalina.core.ApplicationFilterChain.internalDoFilter(ApplicationFilterChain.java:252)
	at org.apache.catalina.core.ApplicationFilterChain.doFilter(ApplicationFilterChain.java:173)
	at org.apache.catalina.core.StandardWrapperValve.invoke(StandardWrapperValve.java:213)
	at org.apache.catalina.core.StandardContextValve.invoke(StandardContextValve.java:178)
	at org.apache.catalina.core.StandardHostValve.invoke(StandardHostValve.java:126)
	at org.apache.catalina.valves.ErrorReportValve.invoke(ErrorReportValve.java:105)
	at org.apache.catalina.core.StandardEngineValve.invoke(StandardEngineValve.java:107)
	at org.apache.catalina.connector.CoyoteAdapter.service(CoyoteAdapter.java:148)
	at org.apache.coyote.http11.Http11Processor.process(Http11Processor.java:869)
	at org.apache.coyote.http11.Http11BaseProtocol$Http11ConnectionHandler.processConnection(Http11BaseProtocol.java:664)
	at org.apache.tomcat.util.net.PoolTcpEndpoint.processSocket(PoolTcpEndpoint.java:527)
	at org.apache.tomcat.util.net.LeaderFollowerWorkerThread.runIt(LeaderFollowerWorkerThread.java:80)
	at org.apache.tomcat.util.threads.ThreadPool$ControlRunnable.run(ThreadPool.java:684)
	at java.lang.Thread.run(Thread.java:595)
Aug 2, 2016 10:03:41 AM org.apache.catalina.core.ApplicationContext log
SEVERE: Exception while dispatching incoming RPC call
com.google.gwt.user.client.rpc.SerializationException: Type 'org.codehaus.xfire.XFireRuntimeException' was not included in the set of types which can be serialized by this SerializationPolicy or its Class object could not be loaded. For security purposes, this type will not be serialized.
	at com.google.gwt.user.server.rpc.impl.StandardSerializationPolicy.validateSerialize(StandardSerializationPolicy.java:83)
	at com.google.gwt.user.server.rpc.impl.ServerSerializationStreamWriter.serialize(ServerSerializationStreamWriter.java:591)
	at com.google.gwt.user.client.rpc.impl.AbstractSerializationStreamWriter.writeObject(AbstractSerializationStreamWriter.java:129)
	at com.google.gwt.user.server.rpc.impl.ServerSerializationStreamWriter$ValueWriter$8.write(ServerSerializationStreamWriter.java:146)
	at com.google.gwt.user.server.rpc.impl.ServerSerializationStreamWriter.serializeValue(ServerSerializationStreamWriter.java:530)
	at com.google.gwt.user.server.rpc.RPC.encodeResponse(RPC.java:573)
	at com.google.gwt.user.server.rpc.RPC.encodeResponseForFailure(RPC.java:365)
	at com.google.gwt.user.server.rpc.RPC.invokeAndEncodeResponse(RPC.java:546)
	at com.google.gwt.user.server.rpc.RemoteServiceServlet.processCall(RemoteServiceServlet.java:164)
	at com.google.gwt.user.server.rpc.RemoteServiceServlet.doPost(RemoteServiceServlet.java:86)
	at javax.servlet.http.HttpServlet.service(HttpServlet.java:709)
	at javax.servlet.http.HttpServlet.service(HttpServlet.java:802)
	at org.apache.catalina.core.ApplicationFilterChain.internalDoFilter(ApplicationFilterChain.java:252)
	at org.apache.catalina.core.ApplicationFilterChain.doFilter(ApplicationFilterChain.java:173)
	at org.apache.catalina.core.StandardWrapperValve.invoke(StandardWrapperValve.java:213)
	at org.apache.catalina.core.StandardContextValve.invoke(StandardContextValve.java:178)
	at org.apache.catalina.core.StandardHostValve.invoke(StandardHostValve.java:126)
	at org.apache.catalina.valves.ErrorReportValve.invoke(ErrorReportValve.java:105)
	at org.apache.catalina.core.StandardEngineValve.invoke(StandardEngineValve.java:107)
	at org.apache.catalina.connector.CoyoteAdapter.service(CoyoteAdapter.java:148)
	at org.apache.coyote.http11.Http11Processor.process(Http11Processor.java:869)
	at org.apache.coyote.http11.Http11BaseProtocol$Http11ConnectionHandler.processConnection(Http11BaseProtocol.java:664)
	at org.apache.tomcat.util.net.PoolTcpEndpoint.processSocket(PoolTcpEndpoint.java:527)
	at org.apache.tomcat.util.net.LeaderFollowerWorkerThread.runIt(LeaderFollowerWorkerThread.java:80)
	at org.apache.tomcat.util.threads.ThreadPool$ControlRunnable.run(ThreadPool.java:684)
	at java.lang.Thread.run(Thread.java:595)
Aug 2, 2016 10:04:18 AM org.apache.catalina.core.ApplicationContext log
SEVERE: Exception while dispatching incoming RPC call
com.google.gwt.user.client.rpc.SerializationException: Type 'org.codehaus.xfire.XFireRuntimeException' was not included in the set of types which can be serialized by this SerializationPolicy or its Class object could not be loaded. For security purposes, this type will not be serialized.
	at com.google.gwt.user.server.rpc.impl.StandardSerializationPolicy.validateSerialize(StandardSerializationPolicy.java:83)
	at com.google.gwt.user.server.rpc.impl.ServerSerializationStreamWriter.serialize(ServerSerializationStreamWriter.java:591)
	at com.google.gwt.user.client.rpc.impl.AbstractSerializationStreamWriter.writeObject(AbstractSerializationStreamWriter.java:129)
	at com.google.gwt.user.server.rpc.impl.ServerSerializationStreamWriter$ValueWriter$8.write(ServerSerializationStreamWriter.java:146)
	at com.google.gwt.user.server.rpc.impl.ServerSerializationStreamWriter.serializeValue(ServerSerializationStreamWriter.java:530)
	at com.google.gwt.user.server.rpc.RPC.encodeResponse(RPC.java:573)
	at com.google.gwt.user.server.rpc.RPC.encodeResponseForFailure(RPC.java:365)
	at com.google.gwt.user.server.rpc.RPC.invokeAndEncodeResponse(RPC.java:546)
	at com.google.gwt.user.server.rpc.RemoteServiceServlet.processCall(RemoteServiceServlet.java:164)
	at com.google.gwt.user.server.rpc.RemoteServiceServlet.doPost(RemoteServiceServlet.java:86)
	at javax.servlet.http.HttpServlet.service(HttpServlet.java:709)
	at javax.servlet.http.HttpServlet.service(HttpServlet.java:802)
	at org.apache.catalina.core.ApplicationFilterChain.internalDoFilter(ApplicationFilterChain.java:252)
	at org.apache.catalina.core.ApplicationFilterChain.doFilter(ApplicationFilterChain.java:173)
	at org.apache.catalina.core.StandardWrapperValve.invoke(StandardWrapperValve.java:213)
	at org.apache.catalina.core.StandardContextValve.invoke(StandardContextValve.java:178)
	at org.apache.catalina.core.StandardHostValve.invoke(StandardHostValve.java:126)
	at org.apache.catalina.valves.ErrorReportValve.invoke(ErrorReportValve.java:105)
	at org.apache.catalina.core.StandardEngineValve.invoke(StandardEngineValve.java:107)
	at org.apache.catalina.connector.CoyoteAdapter.service(CoyoteAdapter.java:148)
	at org.apache.coyote.http11.Http11Processor.process(Http11Processor.java:869)
	at org.apache.coyote.http11.Http11BaseProtocol$Http11ConnectionHandler.processConnection(Http11BaseProtocol.java:664)
	at org.apache.tomcat.util.net.PoolTcpEndpoint.processSocket(PoolTcpEndpoint.java:527)
	at org.apache.tomcat.util.net.LeaderFollowerWorkerThread.runIt(LeaderFollowerWorkerThread.java:80)
	at org.apache.tomcat.util.threads.ThreadPool$ControlRunnable.run(ThreadPool.java:684)
	at java.lang.Thread.run(Thread.java:595)
Aug 2, 2016 10:04:49 AM org.apache.catalina.core.ApplicationContext log
SEVERE: Exception while dispatching incoming RPC call
com.google.gwt.user.client.rpc.SerializationException: Type 'org.codehaus.xfire.XFireRuntimeException' was not included in the set of types which can be serialized by this SerializationPolicy or its Class object could not be loaded. For security purposes, this type will not be serialized.
	at com.google.gwt.user.server.rpc.impl.StandardSerializationPolicy.validateSerialize(StandardSerializationPolicy.java:83)
	at com.google.gwt.user.server.rpc.impl.ServerSerializationStreamWriter.serialize(ServerSerializationStreamWriter.java:591)
	at com.google.gwt.user.client.rpc.impl.AbstractSerializationStreamWriter.writeObject(AbstractSerializationStreamWriter.java:129)
	at com.google.gwt.user.server.rpc.impl.ServerSerializationStreamWriter$ValueWriter$8.write(ServerSerializationStreamWriter.java:146)
	at com.google.gwt.user.server.rpc.impl.ServerSerializationStreamWriter.serializeValue(ServerSerializationStreamWriter.java:530)
	at com.google.gwt.user.server.rpc.RPC.encodeResponse(RPC.java:573)
	at com.google.gwt.user.server.rpc.RPC.encodeResponseForFailure(RPC.java:365)
	at com.google.gwt.user.server.rpc.RPC.invokeAndEncodeResponse(RPC.java:546)
	at com.google.gwt.user.server.rpc.RemoteServiceServlet.processCall(RemoteServiceServlet.java:164)
	at com.google.gwt.user.server.rpc.RemoteServiceServlet.doPost(RemoteServiceServlet.java:86)
	at javax.servlet.http.HttpServlet.service(HttpServlet.java:709)
	at javax.servlet.http.HttpServlet.service(HttpServlet.java:802)
	at org.apache.catalina.core.ApplicationFilterChain.internalDoFilter(ApplicationFilterChain.java:252)
	at org.apache.catalina.core.ApplicationFilterChain.doFilter(ApplicationFilterChain.java:173)
	at org.apache.catalina.core.StandardWrapperValve.invoke(StandardWrapperValve.java:213)
	at org.apache.catalina.core.StandardContextValve.invoke(StandardContextValve.java:178)
	at org.apache.catalina.core.StandardHostValve.invoke(StandardHostValve.java:126)
	at org.apache.catalina.valves.ErrorReportValve.invoke(ErrorReportValve.java:105)
	at org.apache.catalina.core.StandardEngineValve.invoke(StandardEngineValve.java:107)
	at org.apache.catalina.connector.CoyoteAdapter.service(CoyoteAdapter.java:148)
	at org.apache.coyote.http11.Http11Processor.process(Http11Processor.java:869)
	at org.apache.coyote.http11.Http11BaseProtocol$Http11ConnectionHandler.processConnection(Http11BaseProtocol.java:664)
	at org.apache.tomcat.util.net.PoolTcpEndpoint.processSocket(PoolTcpEndpoint.java:527)
	at org.apache.tomcat.util.net.LeaderFollowerWorkerThread.runIt(LeaderFollowerWorkerThread.java:80)
	at org.apache.tomcat.util.threads.ThreadPool$ControlRunnable.run(ThreadPool.java:684)
	at java.lang.Thread.run(Thread.java:595)
Aug 2, 2016 10:06:57 AM org.apache.catalina.core.ApplicationContext log
SEVERE: Exception while dispatching incoming RPC call
com.google.gwt.user.client.rpc.SerializationException: Type 'org.codehaus.xfire.XFireRuntimeException' was not included in the set of types which can be serialized by this SerializationPolicy or its Class object could not be loaded. For security purposes, this type will not be serialized.
	at com.google.gwt.user.server.rpc.impl.StandardSerializationPolicy.validateSerialize(StandardSerializationPolicy.java:83)
	at com.google.gwt.user.server.rpc.impl.ServerSerializationStreamWriter.serialize(ServerSerializationStreamWriter.java:591)
	at com.google.gwt.user.client.rpc.impl.AbstractSerializationStreamWriter.writeObject(AbstractSerializationStreamWriter.java:129)
	at com.google.gwt.user.server.rpc.impl.ServerSerializationStreamWriter$ValueWriter$8.write(ServerSerializationStreamWriter.java:146)
	at com.google.gwt.user.server.rpc.impl.ServerSerializationStreamWriter.serializeValue(ServerSerializationStreamWriter.java:530)
	at com.google.gwt.user.server.rpc.RPC.encodeResponse(RPC.java:573)
	at com.google.gwt.user.server.rpc.RPC.encodeResponseForFailure(RPC.java:365)
	at com.google.gwt.user.server.rpc.RPC.invokeAndEncodeResponse(RPC.java:546)
	at com.google.gwt.user.server.rpc.RemoteServiceServlet.processCall(RemoteServiceServlet.java:164)
	at com.google.gwt.user.server.rpc.RemoteServiceServlet.doPost(RemoteServiceServlet.java:86)
	at javax.servlet.http.HttpServlet.service(HttpServlet.java:709)
	at javax.servlet.http.HttpServlet.service(HttpServlet.java:802)
	at org.apache.catalina.core.ApplicationFilterChain.internalDoFilter(ApplicationFilterChain.java:252)
	at org.apache.catalina.core.ApplicationFilterChain.doFilter(ApplicationFilterChain.java:173)
	at org.apache.catalina.core.StandardWrapperValve.invoke(StandardWrapperValve.java:213)
	at org.apache.catalina.core.StandardContextValve.invoke(StandardContextValve.java:178)
	at org.apache.catalina.core.StandardHostValve.invoke(StandardHostValve.java:126)
	at org.apache.catalina.valves.ErrorReportValve.invoke(ErrorReportValve.java:105)
	at org.apache.catalina.core.StandardEngineValve.invoke(StandardEngineValve.java:107)
	at org.apache.catalina.connector.CoyoteAdapter.service(CoyoteAdapter.java:148)
	at org.apache.coyote.http11.Http11Processor.process(Http11Processor.java:869)
	at org.apache.coyote.http11.Http11BaseProtocol$Http11ConnectionHandler.processConnection(Http11BaseProtocol.java:664)
	at org.apache.tomcat.util.net.PoolTcpEndpoint.processSocket(PoolTcpEndpoint.java:527)
	at org.apache.tomcat.util.net.LeaderFollowerWorkerThread.runIt(LeaderFollowerWorkerThread.java:80)
	at org.apache.tomcat.util.threads.ThreadPool$ControlRunnable.run(ThreadPool.java:684)
	at java.lang.Thread.run(Thread.java:595)
Aug 2, 2016 10:52:17 AM org.apache.catalina.core.ApplicationContext log
SEVERE: Exception while dispatching incoming RPC call
com.google.gwt.user.client.rpc.SerializationException: Type 'org.codehaus.xfire.XFireRuntimeException' was not included in the set of types which can be serialized by this SerializationPolicy or its Class object could not be loaded. For security purposes, this type will not be serialized.
	at com.google.gwt.user.server.rpc.impl.StandardSerializationPolicy.validateSerialize(StandardSerializationPolicy.java:83)
	at com.google.gwt.user.server.rpc.impl.ServerSerializationStreamWriter.serialize(ServerSerializationStreamWriter.java:591)
	at com.google.gwt.user.client.rpc.impl.AbstractSerializationStreamWriter.writeObject(AbstractSerializationStreamWriter.java:129)
	at com.google.gwt.user.server.rpc.impl.ServerSerializationStreamWriter$ValueWriter$8.write(ServerSerializationStreamWriter.java:146)
	at com.google.gwt.user.server.rpc.impl.ServerSerializationStreamWriter.serializeValue(ServerSerializationStreamWriter.java:530)
	at com.google.gwt.user.server.rpc.RPC.encodeResponse(RPC.java:573)
	at com.google.gwt.user.server.rpc.RPC.encodeResponseForFailure(RPC.java:365)
	at com.google.gwt.user.server.rpc.RPC.invokeAndEncodeResponse(RPC.java:546)
	at com.google.gwt.user.server.rpc.RemoteServiceServlet.processCall(RemoteServiceServlet.java:164)
	at com.google.gwt.user.server.rpc.RemoteServiceServlet.doPost(RemoteServiceServlet.java:86)
	at javax.servlet.http.HttpServlet.service(HttpServlet.java:709)
	at javax.servlet.http.HttpServlet.service(HttpServlet.java:802)
	at org.apache.catalina.core.ApplicationFilterChain.internalDoFilter(ApplicationFilterChain.java:252)
	at org.apache.catalina.core.ApplicationFilterChain.doFilter(ApplicationFilterChain.java:173)
	at org.apache.catalina.core.StandardWrapperValve.invoke(StandardWrapperValve.java:213)
	at org.apache.catalina.core.StandardContextValve.invoke(StandardContextValve.java:178)
	at org.apache.catalina.core.StandardHostValve.invoke(StandardHostValve.java:126)
	at org.apache.catalina.valves.ErrorReportValve.invoke(ErrorReportValve.java:105)
	at org.apache.catalina.core.StandardEngineValve.invoke(StandardEngineValve.java:107)
	at org.apache.catalina.connector.CoyoteAdapter.service(CoyoteAdapter.java:148)
	at org.apache.coyote.http11.Http11Processor.process(Http11Processor.java:869)
	at org.apache.coyote.http11.Http11BaseProtocol$Http11ConnectionHandler.processConnection(Http11BaseProtocol.java:664)
	at org.apache.tomcat.util.net.PoolTcpEndpoint.processSocket(PoolTcpEndpoint.java:527)
	at org.apache.tomcat.util.net.LeaderFollowerWorkerThread.runIt(LeaderFollowerWorkerThread.java:80)
	at org.apache.tomcat.util.threads.ThreadPool$ControlRunnable.run(ThreadPool.java:684)
	at java.lang.Thread.run(Thread.java:595)
