2009-02-05 13:44:45,381 INFO [org.onecmdb.core.utils.bean.BeanClassInjector] - Map alias 'jdbc2systems' to class DataSet'
2009-02-05 13:44:45,635 INFO [org.onecmdb.core.utils.bean.BeanClassInjector] - Map alias 'fw-jdbc2systems' to class ForwardInstanceSelector'
2009-02-05 13:44:45,679 INFO [org.onecmdb.core.utils.bean.BeanClassInjector] - Map alias 'fw-system_selector' to class ComplexAttributeSelector'
2009-02-05 13:44:45,716 INFO [org.onecmdb.core.utils.bean.BeanClassInjector] - Map alias 'system_selector' to class DataSetSelector'
2009-02-05 13:44:45,751 INFO [org.onecmdb.core.utils.bean.BeanClassInjector] - Map alias 'instanceSelector-system_selector' to class JDBCInstanceSelector'
2009-02-05 13:44:45,782 INFO [org.onecmdb.core.utils.bean.BeanClassInjector] - Map alias 'regExpr-system_selector-0' to class RegExprMatcher'
2009-02-05 13:44:45,820 INFO [org.onecmdb.core.utils.bean.BeanClassInjector] - Map alias 'system_server' to class DataSet'
2009-02-05 13:44:45,844 INFO [org.onecmdb.core.utils.bean.BeanClassInjector] - Map alias 'instanceSelector-system_server' to class JDBCInstanceSelector'
2009-02-05 13:44:45,882 INFO [org.onecmdb.core.utils.bean.BeanClassInjector] - Map alias 'system' to class DataSet'
2009-02-05 13:44:45,900 INFO [org.onecmdb.core.utils.bean.BeanClassInjector] - Map alias 'instanceSelector-system' to class JDBCInstanceSelector'
2009-02-05 13:44:45,922 INFO [org.onecmdb.core.utils.bean.BeanClassInjector] - Map alias 'system-Hostname' to class JDBCAttributeSelector'
2009-02-05 13:44:45,938 ERROR [org.onecmdb.core.utils.bean.BeanClassInjector] - Can't set object 'class java.lang.String' on method setCol in class 'org.onecmdb.core.utils.transform.jdbc.JDBCAttributeSelector'
2009-02-05 13:44:45,947 INFO [org.onecmdb.core.utils.bean.BeanClassInjector] - Map alias 'system-IPAddress' to class JDBCAttributeSelector'
2009-02-05 13:44:45,960 ERROR [org.onecmdb.core.utils.bean.BeanClassInjector] - Can't set object 'class java.lang.String' on method setCol in class 'org.onecmdb.core.utils.transform.jdbc.JDBCAttributeSelector'
2009-02-05 13:44:45,971 INFO [org.onecmdb.core.utils.bean.BeanClassInjector] - Map alias 'system-IPv6Address' to class JDBCAttributeSelector'
2009-02-05 13:44:45,988 ERROR [org.onecmdb.core.utils.bean.BeanClassInjector] - Can't set object 'class java.lang.String' on method setCol in class 'org.onecmdb.core.utils.transform.jdbc.JDBCAttributeSelector'
2009-02-05 13:44:45,998 INFO [org.onecmdb.core.utils.bean.BeanClassInjector] - Map alias 'system-MAC_Address' to class JDBCAttributeSelector'
2009-02-05 13:44:46,013 ERROR [org.onecmdb.core.utils.bean.BeanClassInjector] - Can't set object 'class java.lang.String' on method setCol in class 'org.onecmdb.core.utils.transform.jdbc.JDBCAttributeSelector'
2009-02-05 13:44:46,036 INFO [org.onecmdb.core.utils.bean.BeanClassInjector] - Map alias 'system-SerialNumber' to class JDBCAttributeSelector'
2009-02-05 13:44:46,048 ERROR [org.onecmdb.core.utils.bean.BeanClassInjector] - Can't set object 'class java.lang.String' on method setCol in class 'org.onecmdb.core.utils.transform.jdbc.JDBCAttributeSelector'
2009-02-05 13:44:46,059 INFO [org.onecmdb.core.utils.bean.BeanClassInjector] - Map alias 'system-Network' to class ComplexAttributeSelector'
2009-02-05 13:44:46,082 INFO [org.onecmdb.core.utils.bean.BeanClassInjector] - Map alias 'network' to class DataSet'
2009-02-05 13:44:46,111 INFO [org.onecmdb.core.utils.bean.BeanClassInjector] - Map alias 'instanceSelector-network' to class JDBCInstanceSelector'
2009-02-05 13:44:46,133 INFO [org.onecmdb.core.utils.bean.BeanClassInjector] - Map alias 'network-Name' to class JDBCAttributeSelector'
2009-02-05 13:44:46,148 ERROR [org.onecmdb.core.utils.bean.BeanClassInjector] - Can't set object 'class java.lang.String' on method setCol in class 'org.onecmdb.core.utils.transform.jdbc.JDBCAttributeSelector'
2009-02-05 13:44:46,188 INFO [org.onecmdb.core.utils.bean.BeanClassInjector] - Map alias 'system_selector-0-expr' to class JDBCAttributeSelector'
2009-02-05 13:44:46,197 ERROR [org.onecmdb.core.utils.bean.BeanClassInjector] - Can't set object 'class java.lang.String' on method setCol in class 'org.onecmdb.core.utils.transform.jdbc.JDBCAttributeSelector'
2009-02-05 13:44:46,209 INFO [org.onecmdb.core.utils.bean.BeanClassInjector] - Map alias 'regExpr-system_selector-1' to class RegExprMatcher'
2009-02-05 13:44:46,230 INFO [org.onecmdb.core.utils.bean.BeanClassInjector] - Map alias 'system_laptop' to class DataSet'
2009-02-05 13:44:46,250 INFO [org.onecmdb.core.utils.bean.BeanClassInjector] - Map alias 'instanceSelector-system_laptop' to class JDBCInstanceSelector'
2009-02-05 13:44:46,351 ERROR [org.onecmdb.core.utils.bean.BeanClassInjector] - Can't set object 'class java.lang.String' on method setCol in class 'org.onecmdb.core.utils.transform.jdbc.JDBCAttributeSelector'
2009-02-05 13:44:46,377 ERROR [org.onecmdb.core.utils.bean.BeanClassInjector] - Can't set object 'class java.lang.String' on method setCol in class 'org.onecmdb.core.utils.transform.jdbc.JDBCAttributeSelector'
2009-02-05 13:44:46,396 ERROR [org.onecmdb.core.utils.bean.BeanClassInjector] - Can't set object 'class java.lang.String' on method setCol in class 'org.onecmdb.core.utils.transform.jdbc.JDBCAttributeSelector'
2009-02-05 13:44:46,417 ERROR [org.onecmdb.core.utils.bean.BeanClassInjector] - Can't set object 'class java.lang.String' on method setCol in class 'org.onecmdb.core.utils.transform.jdbc.JDBCAttributeSelector'
2009-02-05 13:44:46,440 ERROR [org.onecmdb.core.utils.bean.BeanClassInjector] - Can't set object 'class java.lang.String' on method setCol in class 'org.onecmdb.core.utils.transform.jdbc.JDBCAttributeSelector'
2009-02-05 13:44:46,535 ERROR [org.onecmdb.core.utils.bean.BeanClassInjector] - Can't set object 'class java.lang.String' on method setCol in class 'org.onecmdb.core.utils.transform.jdbc.JDBCAttributeSelector'
2009-02-05 13:44:46,546 INFO [org.onecmdb.core.utils.bean.BeanClassInjector] - Map alias 'system_selector-1-expr' to class JDBCAttributeSelector'
2009-02-05 13:44:46,554 ERROR [org.onecmdb.core.utils.bean.BeanClassInjector] - Can't set object 'class java.lang.String' on method setCol in class 'org.onecmdb.core.utils.transform.jdbc.JDBCAttributeSelector'
2009-02-05 13:44:46,563 INFO [org.onecmdb.core.utils.bean.BeanClassInjector] - Map alias 'regExpr-system_selector-2' to class RegExprMatcher'
2009-02-05 13:44:46,583 INFO [org.onecmdb.core.utils.bean.BeanClassInjector] - Map alias 'system_desktop' to class DataSet'
2009-02-05 13:44:46,602 INFO [org.onecmdb.core.utils.bean.BeanClassInjector] - Map alias 'instanceSelector-system_desktop' to class JDBCInstanceSelector'
2009-02-05 13:44:46,676 ERROR [org.onecmdb.core.utils.bean.BeanClassInjector] - Can't set object 'class java.lang.String' on method setCol in class 'org.onecmdb.core.utils.transform.jdbc.JDBCAttributeSelector'
2009-02-05 13:44:46,696 ERROR [org.onecmdb.core.utils.bean.BeanClassInjector] - Can't set object 'class java.lang.String' on method setCol in class 'org.onecmdb.core.utils.transform.jdbc.JDBCAttributeSelector'
2009-02-05 13:44:46,715 ERROR [org.onecmdb.core.utils.bean.BeanClassInjector] - Can't set object 'class java.lang.String' on method setCol in class 'org.onecmdb.core.utils.transform.jdbc.JDBCAttributeSelector'
2009-02-05 13:44:46,741 ERROR [org.onecmdb.core.utils.bean.BeanClassInjector] - Can't set object 'class java.lang.String' on method setCol in class 'org.onecmdb.core.utils.transform.jdbc.JDBCAttributeSelector'
2009-02-05 13:44:46,759 ERROR [org.onecmdb.core.utils.bean.BeanClassInjector] - Can't set object 'class java.lang.String' on method setCol in class 'org.onecmdb.core.utils.transform.jdbc.JDBCAttributeSelector'
2009-02-05 13:44:46,834 ERROR [org.onecmdb.core.utils.bean.BeanClassInjector] - Can't set object 'class java.lang.String' on method setCol in class 'org.onecmdb.core.utils.transform.jdbc.JDBCAttributeSelector'
2009-02-05 13:44:46,869 INFO [org.onecmdb.core.utils.bean.BeanClassInjector] - Map alias 'system_selector-2-expr' to class JDBCAttributeSelector'
2009-02-05 13:44:46,879 ERROR [org.onecmdb.core.utils.bean.BeanClassInjector] - Can't set object 'class java.lang.String' on method setCol in class 'org.onecmdb.core.utils.transform.jdbc.JDBCAttributeSelector'
2009-02-05 13:44:46,890 INFO [org.onecmdb.core.utils.bean.BeanClassInjector] - Map alias 'regExpr-system_selector-3' to class RegExprMatcher'
2009-02-05 13:44:46,911 INFO [org.onecmdb.core.utils.bean.BeanClassInjector] - Map alias 'system_netprinter' to class DataSet'
2009-02-05 13:44:46,930 INFO [org.onecmdb.core.utils.bean.BeanClassInjector] - Map alias 'instanceSelector-system_netprinter' to class JDBCInstanceSelector'
2009-02-05 13:44:47,000 ERROR [org.onecmdb.core.utils.bean.BeanClassInjector] - Can't set object 'class java.lang.String' on method setCol in class 'org.onecmdb.core.utils.transform.jdbc.JDBCAttributeSelector'
2009-02-05 13:44:47,019 ERROR [org.onecmdb.core.utils.bean.BeanClassInjector] - Can't set object 'class java.lang.String' on method setCol in class 'org.onecmdb.core.utils.transform.jdbc.JDBCAttributeSelector'
2009-02-05 13:44:47,039 ERROR [org.onecmdb.core.utils.bean.BeanClassInjector] - Can't set object 'class java.lang.String' on method setCol in class 'org.onecmdb.core.utils.transform.jdbc.JDBCAttributeSelector'
2009-02-05 13:44:47,061 ERROR [org.onecmdb.core.utils.bean.BeanClassInjector] - Can't set object 'class java.lang.String' on method setCol in class 'org.onecmdb.core.utils.transform.jdbc.JDBCAttributeSelector'
2009-02-05 13:44:47,077 ERROR [org.onecmdb.core.utils.bean.BeanClassInjector] - Can't set object 'class java.lang.String' on method setCol in class 'org.onecmdb.core.utils.transform.jdbc.JDBCAttributeSelector'
2009-02-05 13:44:47,151 ERROR [org.onecmdb.core.utils.bean.BeanClassInjector] - Can't set object 'class java.lang.String' on method setCol in class 'org.onecmdb.core.utils.transform.jdbc.JDBCAttributeSelector'
2009-02-05 13:44:47,159 INFO [org.onecmdb.core.utils.bean.BeanClassInjector] - Map alias 'system_selector-3-expr' to class JDBCAttributeSelector'
2009-02-05 13:44:47,171 ERROR [org.onecmdb.core.utils.bean.BeanClassInjector] - Can't set object 'class java.lang.String' on method setCol in class 'org.onecmdb.core.utils.transform.jdbc.JDBCAttributeSelector'
2009-02-05 13:44:47,182 INFO [org.onecmdb.core.utils.bean.BeanClassInjector] - Map alias 'regExpr-system_selector-4' to class RegExprMatcher'
2009-02-05 13:44:47,199 INFO [org.onecmdb.core.utils.bean.BeanClassInjector] - Map alias 'system_switch' to class DataSet'
2009-02-05 13:44:47,221 INFO [org.onecmdb.core.utils.bean.BeanClassInjector] - Map alias 'instanceSelector-system_switch' to class JDBCInstanceSelector'
2009-02-05 13:44:47,293 ERROR [org.onecmdb.core.utils.bean.BeanClassInjector] - Can't set object 'class java.lang.String' on method setCol in class 'org.onecmdb.core.utils.transform.jdbc.JDBCAttributeSelector'
2009-02-05 13:44:47,311 ERROR [org.onecmdb.core.utils.bean.BeanClassInjector] - Can't set object 'class java.lang.String' on method setCol in class 'org.onecmdb.core.utils.transform.jdbc.JDBCAttributeSelector'
2009-02-05 13:44:47,332 ERROR [org.onecmdb.core.utils.bean.BeanClassInjector] - Can't set object 'class java.lang.String' on method setCol in class 'org.onecmdb.core.utils.transform.jdbc.JDBCAttributeSelector'
2009-02-05 13:44:47,351 ERROR [org.onecmdb.core.utils.bean.BeanClassInjector] - Can't set object 'class java.lang.String' on method setCol in class 'org.onecmdb.core.utils.transform.jdbc.JDBCAttributeSelector'
2009-02-05 13:44:47,373 ERROR [org.onecmdb.core.utils.bean.BeanClassInjector] - Can't set object 'class java.lang.String' on method setCol in class 'org.onecmdb.core.utils.transform.jdbc.JDBCAttributeSelector'
2009-02-05 13:44:47,449 ERROR [org.onecmdb.core.utils.bean.BeanClassInjector] - Can't set object 'class java.lang.String' on method setCol in class 'org.onecmdb.core.utils.transform.jdbc.JDBCAttributeSelector'
2009-02-05 13:44:47,461 INFO [org.onecmdb.core.utils.bean.BeanClassInjector] - Map alias 'system_selector-4-expr' to class JDBCAttributeSelector'
2009-02-05 13:44:47,471 ERROR [org.onecmdb.core.utils.bean.BeanClassInjector] - Can't set object 'class java.lang.String' on method setCol in class 'org.onecmdb.core.utils.transform.jdbc.JDBCAttributeSelector'
2009-02-05 13:44:47,479 INFO [org.onecmdb.core.utils.bean.BeanClassInjector] - Map alias 'regExpr-system_selector-5' to class RegExprMatcher'
2009-02-05 13:44:47,503 INFO [org.onecmdb.core.utils.bean.BeanClassInjector] - Map alias 'system_router' to class DataSet'
2009-02-05 13:44:47,527 INFO [org.onecmdb.core.utils.bean.BeanClassInjector] - Map alias 'instanceSelector-system_router' to class JDBCInstanceSelector'
2009-02-05 13:44:47,596 ERROR [org.onecmdb.core.utils.bean.BeanClassInjector] - Can't set object 'class java.lang.String' on method setCol in class 'org.onecmdb.core.utils.transform.jdbc.JDBCAttributeSelector'
2009-02-05 13:44:47,619 ERROR [org.onecmdb.core.utils.bean.BeanClassInjector] - Can't set object 'class java.lang.String' on method setCol in class 'org.onecmdb.core.utils.transform.jdbc.JDBCAttributeSelector'
2009-02-05 13:44:47,637 ERROR [org.onecmdb.core.utils.bean.BeanClassInjector] - Can't set object 'class java.lang.String' on method setCol in class 'org.onecmdb.core.utils.transform.jdbc.JDBCAttributeSelector'
2009-02-05 13:44:47,657 ERROR [org.onecmdb.core.utils.bean.BeanClassInjector] - Can't set object 'class java.lang.String' on method setCol in class 'org.onecmdb.core.utils.transform.jdbc.JDBCAttributeSelector'
2009-02-05 13:44:47,675 ERROR [org.onecmdb.core.utils.bean.BeanClassInjector] - Can't set object 'class java.lang.String' on method setCol in class 'org.onecmdb.core.utils.transform.jdbc.JDBCAttributeSelector'
2009-02-05 13:44:47,754 ERROR [org.onecmdb.core.utils.bean.BeanClassInjector] - Can't set object 'class java.lang.String' on method setCol in class 'org.onecmdb.core.utils.transform.jdbc.JDBCAttributeSelector'
2009-02-05 13:44:47,766 INFO [org.onecmdb.core.utils.bean.BeanClassInjector] - Map alias 'system_selector-5-expr' to class JDBCAttributeSelector'
2009-02-05 13:44:47,775 ERROR [org.onecmdb.core.utils.bean.BeanClassInjector] - Can't set object 'class java.lang.String' on method setCol in class 'org.onecmdb.core.utils.transform.jdbc.JDBCAttributeSelector'
2009-02-05 13:44:47,785 INFO [org.onecmdb.core.utils.bean.BeanClassInjector] - Map alias 'fw-network' to class ComplexAttributeSelector'
2009-02-05 13:44:47,847 ERROR [org.onecmdb.core.utils.bean.BeanClassInjector] - Can't set object 'class java.lang.String' on method setCol in class 'org.onecmdb.core.utils.transform.jdbc.JDBCAttributeSelector'
2009-02-05 13:54:10,677 INFO [org.onecmdb.core.utils.bean.BeanClassInjector] - Map alias 'jdbc2systems' to class DataSet'
2009-02-05 13:54:10,738 INFO [org.onecmdb.core.utils.bean.BeanClassInjector] - Map alias 'fw-jdbc2systems' to class ForwardInstanceSelector'
2009-02-05 13:54:10,780 INFO [org.onecmdb.core.utils.bean.BeanClassInjector] - Map alias 'fw-system_selector' to class ComplexAttributeSelector'
2009-02-05 13:54:10,819 INFO [org.onecmdb.core.utils.bean.BeanClassInjector] - Map alias 'system_selector' to class DataSetSelector'
2009-02-05 13:54:10,850 INFO [org.onecmdb.core.utils.bean.BeanClassInjector] - Map alias 'instanceSelector-system_selector' to class JDBCInstanceSelector'
2009-02-05 13:54:10,881 INFO [org.onecmdb.core.utils.bean.BeanClassInjector] - Map alias 'regExpr-system_selector-0' to class RegExprMatcher'
2009-02-05 13:54:10,922 INFO [org.onecmdb.core.utils.bean.BeanClassInjector] - Map alias 'system_server' to class DataSet'
2009-02-05 13:54:10,946 INFO [org.onecmdb.core.utils.bean.BeanClassInjector] - Map alias 'instanceSelector-system_server' to class JDBCInstanceSelector'
2009-02-05 13:54:10,980 INFO [org.onecmdb.core.utils.bean.BeanClassInjector] - Map alias 'system' to class DataSet'
2009-02-05 13:54:11,003 INFO [org.onecmdb.core.utils.bean.BeanClassInjector] - Map alias 'instanceSelector-system' to class JDBCInstanceSelector'
2009-02-05 13:54:11,043 INFO [org.onecmdb.core.utils.bean.BeanClassInjector] - Map alias 'system-Hostname' to class JDBCAttributeSelector'
2009-02-05 13:54:11,067 INFO [org.onecmdb.core.utils.bean.BeanClassInjector] - Map alias 'system-IPAddress' to class JDBCAttributeSelector'
2009-02-05 13:54:11,085 INFO [org.onecmdb.core.utils.bean.BeanClassInjector] - Map alias 'system-IPv6Address' to class JDBCAttributeSelector'
2009-02-05 13:54:11,108 INFO [org.onecmdb.core.utils.bean.BeanClassInjector] - Map alias 'system-MAC_Address' to class JDBCAttributeSelector'
2009-02-05 13:54:11,132 INFO [org.onecmdb.core.utils.bean.BeanClassInjector] - Map alias 'system-SerialNumber' to class JDBCAttributeSelector'
2009-02-05 13:54:11,151 INFO [org.onecmdb.core.utils.bean.BeanClassInjector] - Map alias 'system-Network' to class ComplexAttributeSelector'
2009-02-05 13:54:11,171 INFO [org.onecmdb.core.utils.bean.BeanClassInjector] - Map alias 'network' to class DataSet'
2009-02-05 13:54:11,196 INFO [org.onecmdb.core.utils.bean.BeanClassInjector] - Map alias 'instanceSelector-network' to class JDBCInstanceSelector'
2009-02-05 13:54:11,216 INFO [org.onecmdb.core.utils.bean.BeanClassInjector] - Map alias 'network-Name' to class JDBCAttributeSelector'
2009-02-05 13:54:11,236 INFO [org.onecmdb.core.utils.bean.BeanClassInjector] - Map alias 'system_selector-0-expr' to class JDBCAttributeSelector'
2009-02-05 13:54:11,258 INFO [org.onecmdb.core.utils.bean.BeanClassInjector] - Map alias 'regExpr-system_selector-1' to class RegExprMatcher'
2009-02-05 13:54:11,278 INFO [org.onecmdb.core.utils.bean.BeanClassInjector] - Map alias 'system_laptop' to class DataSet'
2009-02-05 13:54:11,295 INFO [org.onecmdb.core.utils.bean.BeanClassInjector] - Map alias 'instanceSelector-system_laptop' to class JDBCInstanceSelector'
2009-02-05 13:54:11,534 INFO [org.onecmdb.core.utils.bean.BeanClassInjector] - Map alias 'system_selector-1-expr' to class JDBCAttributeSelector'
2009-02-05 13:54:11,580 INFO [org.onecmdb.core.utils.bean.BeanClassInjector] - Map alias 'regExpr-system_selector-2' to class RegExprMatcher'
2009-02-05 13:54:11,603 INFO [org.onecmdb.core.utils.bean.BeanClassInjector] - Map alias 'system_desktop' to class DataSet'
2009-02-05 13:54:11,621 INFO [org.onecmdb.core.utils.bean.BeanClassInjector] - Map alias 'instanceSelector-system_desktop' to class JDBCInstanceSelector'
2009-02-05 13:54:11,851 INFO [org.onecmdb.core.utils.bean.BeanClassInjector] - Map alias 'system_selector-2-expr' to class JDBCAttributeSelector'
2009-02-05 13:54:11,870 INFO [org.onecmdb.core.utils.bean.BeanClassInjector] - Map alias 'regExpr-system_selector-3' to class RegExprMatcher'
2009-02-05 13:54:11,892 INFO [org.onecmdb.core.utils.bean.BeanClassInjector] - Map alias 'system_netprinter' to class DataSet'
2009-02-05 13:54:11,912 INFO [org.onecmdb.core.utils.bean.BeanClassInjector] - Map alias 'instanceSelector-system_netprinter' to class JDBCInstanceSelector'
2009-02-05 13:54:12,158 INFO [org.onecmdb.core.utils.bean.BeanClassInjector] - Map alias 'system_selector-3-expr' to class JDBCAttributeSelector'
2009-02-05 13:54:12,181 INFO [org.onecmdb.core.utils.bean.BeanClassInjector] - Map alias 'regExpr-system_selector-4' to class RegExprMatcher'
2009-02-05 13:54:12,201 INFO [org.onecmdb.core.utils.bean.BeanClassInjector] - Map alias 'system_switch' to class DataSet'
2009-02-05 13:54:12,244 INFO [org.onecmdb.core.utils.bean.BeanClassInjector] - Map alias 'instanceSelector-system_switch' to class JDBCInstanceSelector'
2009-02-05 13:54:12,469 INFO [org.onecmdb.core.utils.bean.BeanClassInjector] - Map alias 'system_selector-4-expr' to class JDBCAttributeSelector'
2009-02-05 13:54:12,490 INFO [org.onecmdb.core.utils.bean.BeanClassInjector] - Map alias 'regExpr-system_selector-5' to class RegExprMatcher'
2009-02-05 13:54:12,509 INFO [org.onecmdb.core.utils.bean.BeanClassInjector] - Map alias 'system_router' to class DataSet'
2009-02-05 13:54:12,527 INFO [org.onecmdb.core.utils.bean.BeanClassInjector] - Map alias 'instanceSelector-system_router' to class JDBCInstanceSelector'
2009-02-05 13:54:12,775 INFO [org.onecmdb.core.utils.bean.BeanClassInjector] - Map alias 'system_selector-5-expr' to class JDBCAttributeSelector'
2009-02-05 13:54:12,792 INFO [org.onecmdb.core.utils.bean.BeanClassInjector] - Map alias 'fw-network' to class ComplexAttributeSelector'
2009-02-05 13:55:05,218 INFO [org.onecmdb.core.utils.bean.BeanClassInjector] - Map alias 'jdbc2systems' to class DataSet'
2009-02-05 13:55:05,296 INFO [org.onecmdb.core.utils.bean.BeanClassInjector] - Map alias 'fw-jdbc2systems' to class ForwardInstanceSelector'
2009-02-05 13:55:05,351 INFO [org.onecmdb.core.utils.bean.BeanClassInjector] - Map alias 'fw-system_selector' to class ComplexAttributeSelector'
2009-02-05 13:55:05,441 INFO [org.onecmdb.core.utils.bean.BeanClassInjector] - Map alias 'system_selector' to class DataSetSelector'
2009-02-05 13:55:05,489 INFO [org.onecmdb.core.utils.bean.BeanClassInjector] - Map alias 'instanceSelector-system_selector' to class JDBCInstanceSelector'
2009-02-05 13:55:05,540 INFO [org.onecmdb.core.utils.bean.BeanClassInjector] - Map alias 'regExpr-system_selector-0' to class RegExprMatcher'
2009-02-05 13:55:05,591 INFO [org.onecmdb.core.utils.bean.BeanClassInjector] - Map alias 'system_server' to class DataSet'
2009-02-05 13:55:05,636 INFO [org.onecmdb.core.utils.bean.BeanClassInjector] - Map alias 'instanceSelector-system_server' to class JDBCInstanceSelector'
2009-02-05 13:55:05,688 INFO [org.onecmdb.core.utils.bean.BeanClassInjector] - Map alias 'system' to class DataSet'
2009-02-05 13:55:05,724 INFO [org.onecmdb.core.utils.bean.BeanClassInjector] - Map alias 'instanceSelector-system' to class JDBCInstanceSelector'
2009-02-05 13:55:05,757 INFO [org.onecmdb.core.utils.bean.BeanClassInjector] - Map alias 'system-Hostname' to class JDBCAttributeSelector'
2009-02-05 13:55:05,820 INFO [org.onecmdb.core.utils.bean.BeanClassInjector] - Map alias 'system-IPAddress' to class JDBCAttributeSelector'
2009-02-05 13:55:05,845 INFO [org.onecmdb.core.utils.bean.BeanClassInjector] - Map alias 'system-IPv6Address' to class JDBCAttributeSelector'
2009-02-05 13:55:05,955 INFO [org.onecmdb.core.utils.bean.BeanClassInjector] - Map alias 'system-MAC_Address' to class JDBCAttributeSelector'
2009-02-05 13:55:05,983 INFO [org.onecmdb.core.utils.bean.BeanClassInjector] - Map alias 'system-SerialNumber' to class JDBCAttributeSelector'
2009-02-05 13:55:06,004 INFO [org.onecmdb.core.utils.bean.BeanClassInjector] - Map alias 'system-Network' to class ComplexAttributeSelector'
2009-02-05 13:55:06,027 INFO [org.onecmdb.core.utils.bean.BeanClassInjector] - Map alias 'network' to class DataSet'
2009-02-05 13:55:06,050 INFO [org.onecmdb.core.utils.bean.BeanClassInjector] - Map alias 'instanceSelector-network' to class JDBCInstanceSelector'
2009-02-05 13:55:06,073 INFO [org.onecmdb.core.utils.bean.BeanClassInjector] - Map alias 'network-Name' to class JDBCAttributeSelector'
2009-02-05 13:55:06,104 INFO [org.onecmdb.core.utils.bean.BeanClassInjector] - Map alias 'system_selector-0-expr' to class JDBCAttributeSelector'
2009-02-05 13:55:06,139 INFO [org.onecmdb.core.utils.bean.BeanClassInjector] - Map alias 'regExpr-system_selector-1' to class RegExprMatcher'
2009-02-05 13:55:06,175 INFO [org.onecmdb.core.utils.bean.BeanClassInjector] - Map alias 'system_laptop' to class DataSet'
2009-02-05 13:55:06,210 INFO [org.onecmdb.core.utils.bean.BeanClassInjector] - Map alias 'instanceSelector-system_laptop' to class JDBCInstanceSelector'
2009-02-05 13:55:06,682 INFO [org.onecmdb.core.utils.bean.BeanClassInjector] - Map alias 'system_selector-1-expr' to class JDBCAttributeSelector'
2009-02-05 13:55:06,711 INFO [org.onecmdb.core.utils.bean.BeanClassInjector] - Map alias 'regExpr-system_selector-2' to class RegExprMatcher'
2009-02-05 13:55:06,744 INFO [org.onecmdb.core.utils.bean.BeanClassInjector] - Map alias 'system_desktop' to class DataSet'
2009-02-05 13:55:06,780 INFO [org.onecmdb.core.utils.bean.BeanClassInjector] - Map alias 'instanceSelector-system_desktop' to class JDBCInstanceSelector'
2009-02-05 13:55:07,156 INFO [org.onecmdb.core.utils.bean.BeanClassInjector] - Map alias 'system_selector-2-expr' to class JDBCAttributeSelector'
2009-02-05 13:55:07,177 INFO [org.onecmdb.core.utils.bean.BeanClassInjector] - Map alias 'regExpr-system_selector-3' to class RegExprMatcher'
2009-02-05 13:55:07,206 INFO [org.onecmdb.core.utils.bean.BeanClassInjector] - Map alias 'system_netprinter' to class DataSet'
2009-02-05 13:55:07,230 INFO [org.onecmdb.core.utils.bean.BeanClassInjector] - Map alias 'instanceSelector-system_netprinter' to class JDBCInstanceSelector'
2009-02-05 13:55:07,473 INFO [org.onecmdb.core.utils.bean.BeanClassInjector] - Map alias 'system_selector-3-expr' to class JDBCAttributeSelector'
2009-02-05 13:55:07,528 INFO [org.onecmdb.core.utils.bean.BeanClassInjector] - Map alias 'regExpr-system_selector-4' to class RegExprMatcher'
2009-02-05 13:55:07,549 INFO [org.onecmdb.core.utils.bean.BeanClassInjector] - Map alias 'system_switch' to class DataSet'
2009-02-05 13:55:07,572 INFO [org.onecmdb.core.utils.bean.BeanClassInjector] - Map alias 'instanceSelector-system_switch' to class JDBCInstanceSelector'
2009-02-05 13:55:07,891 INFO [org.onecmdb.core.utils.bean.BeanClassInjector] - Map alias 'system_selector-4-expr' to class JDBCAttributeSelector'
2009-02-05 13:55:07,940 INFO [org.onecmdb.core.utils.bean.BeanClassInjector] - Map alias 'regExpr-system_selector-5' to class RegExprMatcher'
2009-02-05 13:55:07,969 INFO [org.onecmdb.core.utils.bean.BeanClassInjector] - Map alias 'system_router' to class DataSet'
2009-02-05 13:55:07,988 INFO [org.onecmdb.core.utils.bean.BeanClassInjector] - Map alias 'instanceSelector-system_router' to class JDBCInstanceSelector'
2009-02-05 13:55:08,321 INFO [org.onecmdb.core.utils.bean.BeanClassInjector] - Map alias 'system_selector-5-expr' to class JDBCAttributeSelector'
2009-02-05 13:55:08,342 INFO [org.onecmdb.core.utils.bean.BeanClassInjector] - Map alias 'fw-network' to class ComplexAttributeSelector'
2009-02-05 14:02:09,598 INFO [org.onecmdb.core.utils.bean.BeanClassInjector] - Map alias 'jdbc2systems' to class DataSet'
2009-02-05 14:02:09,658 INFO [org.onecmdb.core.utils.bean.BeanClassInjector] - Map alias 'fw-jdbc2systems' to class ForwardInstanceSelector'
2009-02-05 14:02:09,703 INFO [org.onecmdb.core.utils.bean.BeanClassInjector] - Map alias 'fw-system_selector' to class ComplexAttributeSelector'
2009-02-05 14:02:09,749 INFO [org.onecmdb.core.utils.bean.BeanClassInjector] - Map alias 'system_selector' to class DataSetSelector'
2009-02-05 14:02:09,780 INFO [org.onecmdb.core.utils.bean.BeanClassInjector] - Map alias 'instanceSelector-system_selector' to class JDBCInstanceSelector'
2009-02-05 14:02:09,813 INFO [org.onecmdb.core.utils.bean.BeanClassInjector] - Map alias 'regExpr-system_selector-0' to class RegExprMatcher'
2009-02-05 14:02:09,854 INFO [org.onecmdb.core.utils.bean.BeanClassInjector] - Map alias 'system_server' to class DataSet'
2009-02-05 14:02:09,879 INFO [org.onecmdb.core.utils.bean.BeanClassInjector] - Map alias 'instanceSelector-system_server' to class JDBCInstanceSelector'
2009-02-05 14:02:09,937 INFO [org.onecmdb.core.utils.bean.BeanClassInjector] - Map alias 'system' to class DataSet'
2009-02-05 14:02:09,956 INFO [org.onecmdb.core.utils.bean.BeanClassInjector] - Map alias 'instanceSelector-system' to class JDBCInstanceSelector'
2009-02-05 14:02:09,978 INFO [org.onecmdb.core.utils.bean.BeanClassInjector] - Map alias 'system-Hostname' to class JDBCAttributeSelector'
2009-02-05 14:02:10,010 INFO [org.onecmdb.core.utils.bean.BeanClassInjector] - Map alias 'system-IPAddress' to class JDBCAttributeSelector'
2009-02-05 14:02:10,030 INFO [org.onecmdb.core.utils.bean.BeanClassInjector] - Map alias 'system-IPv6Address' to class JDBCAttributeSelector'
2009-02-05 14:02:10,051 INFO [org.onecmdb.core.utils.bean.BeanClassInjector] - Map alias 'system-MAC_Address' to class JDBCAttributeSelector'
2009-02-05 14:02:10,075 INFO [org.onecmdb.core.utils.bean.BeanClassInjector] - Map alias 'system-SerialNumber' to class JDBCAttributeSelector'
2009-02-05 14:02:10,091 INFO [org.onecmdb.core.utils.bean.BeanClassInjector] - Map alias 'system-Network' to class ComplexAttributeSelector'
2009-02-05 14:02:10,110 INFO [org.onecmdb.core.utils.bean.BeanClassInjector] - Map alias 'network' to class DataSet'
2009-02-05 14:02:10,136 INFO [org.onecmdb.core.utils.bean.BeanClassInjector] - Map alias 'instanceSelector-network' to class JDBCInstanceSelector'
2009-02-05 14:02:10,155 INFO [org.onecmdb.core.utils.bean.BeanClassInjector] - Map alias 'network-Name' to class JDBCAttributeSelector'
2009-02-05 14:02:10,251 INFO [org.onecmdb.core.utils.bean.BeanClassInjector] - Map alias 'system_selector-0-expr' to class JDBCAttributeSelector'
2009-02-05 14:02:10,271 INFO [org.onecmdb.core.utils.bean.BeanClassInjector] - Map alias 'regExpr-system_selector-1' to class RegExprMatcher'
2009-02-05 14:02:10,291 INFO [org.onecmdb.core.utils.bean.BeanClassInjector] - Map alias 'system_laptop' to class DataSet'
2009-02-05 14:02:10,312 INFO [org.onecmdb.core.utils.bean.BeanClassInjector] - Map alias 'instanceSelector-system_laptop' to class JDBCInstanceSelector'
2009-02-05 14:02:10,576 INFO [org.onecmdb.core.utils.bean.BeanClassInjector] - Map alias 'system_selector-1-expr' to class JDBCAttributeSelector'
2009-02-05 14:02:10,594 INFO [org.onecmdb.core.utils.bean.BeanClassInjector] - Map alias 'regExpr-system_selector-2' to class RegExprMatcher'
2009-02-05 14:02:10,614 INFO [org.onecmdb.core.utils.bean.BeanClassInjector] - Map alias 'system_desktop' to class DataSet'
2009-02-05 14:02:10,635 INFO [org.onecmdb.core.utils.bean.BeanClassInjector] - Map alias 'instanceSelector-system_desktop' to class JDBCInstanceSelector'
2009-02-05 14:02:10,906 INFO [org.onecmdb.core.utils.bean.BeanClassInjector] - Map alias 'system_selector-2-expr' to class JDBCAttributeSelector'
2009-02-05 14:02:10,924 INFO [org.onecmdb.core.utils.bean.BeanClassInjector] - Map alias 'regExpr-system_selector-3' to class RegExprMatcher'
2009-02-05 14:02:10,946 INFO [org.onecmdb.core.utils.bean.BeanClassInjector] - Map alias 'system_netprinter' to class DataSet'
2009-02-05 14:02:10,965 INFO [org.onecmdb.core.utils.bean.BeanClassInjector] - Map alias 'instanceSelector-system_netprinter' to class JDBCInstanceSelector'
2009-02-05 14:02:11,184 INFO [org.onecmdb.core.utils.bean.BeanClassInjector] - Map alias 'system_selector-3-expr' to class JDBCAttributeSelector'
2009-02-05 14:02:11,201 INFO [org.onecmdb.core.utils.bean.BeanClassInjector] - Map alias 'regExpr-system_selector-4' to class RegExprMatcher'
2009-02-05 14:02:11,264 INFO [org.onecmdb.core.utils.bean.BeanClassInjector] - Map alias 'system_switch' to class DataSet'
2009-02-05 14:02:11,282 INFO [org.onecmdb.core.utils.bean.BeanClassInjector] - Map alias 'instanceSelector-system_switch' to class JDBCInstanceSelector'
2009-02-05 14:02:11,503 INFO [org.onecmdb.core.utils.bean.BeanClassInjector] - Map alias 'system_selector-4-expr' to class JDBCAttributeSelector'
2009-02-05 14:02:11,523 INFO [org.onecmdb.core.utils.bean.BeanClassInjector] - Map alias 'regExpr-system_selector-5' to class RegExprMatcher'
2009-02-05 14:02:11,540 INFO [org.onecmdb.core.utils.bean.BeanClassInjector] - Map alias 'system_router' to class DataSet'
2009-02-05 14:02:11,558 INFO [org.onecmdb.core.utils.bean.BeanClassInjector] - Map alias 'instanceSelector-system_router' to class JDBCInstanceSelector'
2009-02-05 14:02:11,923 INFO [org.onecmdb.core.utils.bean.BeanClassInjector] - Map alias 'system_selector-5-expr' to class JDBCAttributeSelector'
2009-02-05 14:02:11,939 INFO [org.onecmdb.core.utils.bean.BeanClassInjector] - Map alias 'fw-network' to class ComplexAttributeSelector'
2009-02-06 06:27:05,625 INFO [org.onecmdb.core.utils.bean.BeanClassInjector] - Map alias 'jdbc2systems' to class DataSet'
2009-02-06 06:27:05,717 INFO [org.onecmdb.core.utils.bean.BeanClassInjector] - Map alias 'fw-jdbc2systems' to class ForwardInstanceSelector'
2009-02-06 06:27:05,770 INFO [org.onecmdb.core.utils.bean.BeanClassInjector] - Map alias 'fw-system_selector' to class ComplexAttributeSelector'
2009-02-06 06:27:05,918 INFO [org.onecmdb.core.utils.bean.BeanClassInjector] - Map alias 'system_selector' to class DataSetSelector'
2009-02-06 06:27:06,027 INFO [org.onecmdb.core.utils.bean.BeanClassInjector] - Map alias 'instanceSelector-system_selector' to class JDBCInstanceSelector'
2009-02-06 06:27:06,158 INFO [org.onecmdb.core.utils.bean.BeanClassInjector] - Map alias 'regExpr-system_selector-0' to class RegExprMatcher'
2009-02-06 06:27:06,205 INFO [org.onecmdb.core.utils.bean.BeanClassInjector] - Map alias 'system_server' to class DataSet'
2009-02-06 06:27:06,248 INFO [org.onecmdb.core.utils.bean.BeanClassInjector] - Map alias 'instanceSelector-system_server' to class JDBCInstanceSelector'
2009-02-06 06:27:06,314 INFO [org.onecmdb.core.utils.bean.BeanClassInjector] - Map alias 'system' to class DataSet'
2009-02-06 06:27:06,346 INFO [org.onecmdb.core.utils.bean.BeanClassInjector] - Map alias 'instanceSelector-system' to class JDBCInstanceSelector'
2009-02-06 06:27:06,456 INFO [org.onecmdb.core.utils.bean.BeanClassInjector] - Map alias 'system-Hostname' to class JDBCAttributeSelector'
2009-02-06 06:27:06,473 ERROR [org.onecmdb.core.utils.bean.BeanClassInjector] - Can't set object 'class java.lang.String' on method setCol in class 'org.onecmdb.core.utils.transform.jdbc.JDBCAttributeSelector'
2009-02-06 06:27:06,498 INFO [org.onecmdb.core.utils.bean.BeanClassInjector] - Map alias 'system-IPAddress' to class JDBCAttributeSelector'
2009-02-06 06:27:06,511 ERROR [org.onecmdb.core.utils.bean.BeanClassInjector] - Can't set object 'class java.lang.String' on method setCol in class 'org.onecmdb.core.utils.transform.jdbc.JDBCAttributeSelector'
2009-02-06 06:27:06,531 INFO [org.onecmdb.core.utils.bean.BeanClassInjector] - Map alias 'system-IPv6Address' to class JDBCAttributeSelector'
2009-02-06 06:27:06,548 ERROR [org.onecmdb.core.utils.bean.BeanClassInjector] - Can't set object 'class java.lang.String' on method setCol in class 'org.onecmdb.core.utils.transform.jdbc.JDBCAttributeSelector'
2009-02-06 06:27:06,564 INFO [org.onecmdb.core.utils.bean.BeanClassInjector] - Map alias 'system-MAC_Address' to class JDBCAttributeSelector'
2009-02-06 06:27:06,577 ERROR [org.onecmdb.core.utils.bean.BeanClassInjector] - Can't set object 'class java.lang.String' on method setCol in class 'org.onecmdb.core.utils.transform.jdbc.JDBCAttributeSelector'
2009-02-06 06:27:06,588 INFO [org.onecmdb.core.utils.bean.BeanClassInjector] - Map alias 'system-SerialNumber' to class JDBCAttributeSelector'
2009-02-06 06:27:06,599 ERROR [org.onecmdb.core.utils.bean.BeanClassInjector] - Can't set object 'class java.lang.String' on method setCol in class 'org.onecmdb.core.utils.transform.jdbc.JDBCAttributeSelector'
2009-02-06 06:27:06,609 INFO [org.onecmdb.core.utils.bean.BeanClassInjector] - Map alias 'system-Network' to class ComplexAttributeSelector'
2009-02-06 06:27:06,638 INFO [org.onecmdb.core.utils.bean.BeanClassInjector] - Map alias 'network' to class DataSet'
2009-02-06 06:27:06,657 INFO [org.onecmdb.core.utils.bean.BeanClassInjector] - Map alias 'instanceSelector-network' to class JDBCInstanceSelector'
2009-02-06 06:27:06,685 INFO [org.onecmdb.core.utils.bean.BeanClassInjector] - Map alias 'network-Name' to class JDBCAttributeSelector'
2009-02-06 06:27:06,701 ERROR [org.onecmdb.core.utils.bean.BeanClassInjector] - Can't set object 'class java.lang.String' on method setCol in class 'org.onecmdb.core.utils.transform.jdbc.JDBCAttributeSelector'
2009-02-06 06:27:06,717 INFO [org.onecmdb.core.utils.bean.BeanClassInjector] - Map alias 'system_selector-0-expr' to class JDBCAttributeSelector'
2009-02-06 06:27:06,732 ERROR [org.onecmdb.core.utils.bean.BeanClassInjector] - Can't set object 'class java.lang.String' on method setCol in class 'org.onecmdb.core.utils.transform.jdbc.JDBCAttributeSelector'
2009-02-06 06:27:06,783 INFO [org.onecmdb.core.utils.bean.BeanClassInjector] - Map alias 'regExpr-system_selector-1' to class RegExprMatcher'
2009-02-06 06:27:06,821 INFO [org.onecmdb.core.utils.bean.BeanClassInjector] - Map alias 'system_laptop' to class DataSet'
2009-02-06 06:27:06,848 INFO [org.onecmdb.core.utils.bean.BeanClassInjector] - Map alias 'instanceSelector-system_laptop' to class JDBCInstanceSelector'
2009-02-06 06:27:06,955 ERROR [org.onecmdb.core.utils.bean.BeanClassInjector] - Can't set object 'class java.lang.String' on method setCol in class 'org.onecmdb.core.utils.transform.jdbc.JDBCAttributeSelector'
2009-02-06 06:27:06,986 ERROR [org.onecmdb.core.utils.bean.BeanClassInjector] - Can't set object 'class java.lang.String' on method setCol in class 'org.onecmdb.core.utils.transform.jdbc.JDBCAttributeSelector'
2009-02-06 06:27:07,009 ERROR [org.onecmdb.core.utils.bean.BeanClassInjector] - Can't set object 'class java.lang.String' on method setCol in class 'org.onecmdb.core.utils.transform.jdbc.JDBCAttributeSelector'
2009-02-06 06:27:07,028 ERROR [org.onecmdb.core.utils.bean.BeanClassInjector] - Can't set object 'class java.lang.String' on method setCol in class 'org.onecmdb.core.utils.transform.jdbc.JDBCAttributeSelector'
2009-02-06 06:27:07,056 ERROR [org.onecmdb.core.utils.bean.BeanClassInjector] - Can't set object 'class java.lang.String' on method setCol in class 'org.onecmdb.core.utils.transform.jdbc.JDBCAttributeSelector'
2009-02-06 06:27:07,185 ERROR [org.onecmdb.core.utils.bean.BeanClassInjector] - Can't set object 'class java.lang.String' on method setCol in class 'org.onecmdb.core.utils.transform.jdbc.JDBCAttributeSelector'
2009-02-06 06:27:07,197 INFO [org.onecmdb.core.utils.bean.BeanClassInjector] - Map alias 'system_selector-1-expr' to class JDBCAttributeSelector'
2009-02-06 06:27:07,217 ERROR [org.onecmdb.core.utils.bean.BeanClassInjector] - Can't set object 'class java.lang.String' on method setCol in class 'org.onecmdb.core.utils.transform.jdbc.JDBCAttributeSelector'
2009-02-06 06:27:07,231 INFO [org.onecmdb.core.utils.bean.BeanClassInjector] - Map alias 'regExpr-system_selector-2' to class RegExprMatcher'
2009-02-06 06:27:07,264 INFO [org.onecmdb.core.utils.bean.BeanClassInjector] - Map alias 'system_desktop' to class DataSet'
2009-02-06 06:27:07,294 INFO [org.onecmdb.core.utils.bean.BeanClassInjector] - Map alias 'instanceSelector-system_desktop' to class JDBCInstanceSelector'
2009-02-06 06:27:07,391 ERROR [org.onecmdb.core.utils.bean.BeanClassInjector] - Can't set object 'class java.lang.String' on method setCol in class 'org.onecmdb.core.utils.transform.jdbc.JDBCAttributeSelector'
2009-02-06 06:27:07,425 ERROR [org.onecmdb.core.utils.bean.BeanClassInjector] - Can't set object 'class java.lang.String' on method setCol in class 'org.onecmdb.core.utils.transform.jdbc.JDBCAttributeSelector'
2009-02-06 06:27:07,454 ERROR [org.onecmdb.core.utils.bean.BeanClassInjector] - Can't set object 'class java.lang.String' on method setCol in class 'org.onecmdb.core.utils.transform.jdbc.JDBCAttributeSelector'
2009-02-06 06:27:07,487 ERROR [org.onecmdb.core.utils.bean.BeanClassInjector] - Can't set object 'class java.lang.String' on method setCol in class 'org.onecmdb.core.utils.transform.jdbc.JDBCAttributeSelector'
2009-02-06 06:27:07,517 ERROR [org.onecmdb.core.utils.bean.BeanClassInjector] - Can't set object 'class java.lang.String' on method setCol in class 'org.onecmdb.core.utils.transform.jdbc.JDBCAttributeSelector'
2009-02-06 06:27:07,619 ERROR [org.onecmdb.core.utils.bean.BeanClassInjector] - Can't set object 'class java.lang.String' on method setCol in class 'org.onecmdb.core.utils.transform.jdbc.JDBCAttributeSelector'
2009-02-06 06:27:07,632 INFO [org.onecmdb.core.utils.bean.BeanClassInjector] - Map alias 'system_selector-2-expr' to class JDBCAttributeSelector'
2009-02-06 06:27:07,649 ERROR [org.onecmdb.core.utils.bean.BeanClassInjector] - Can't set object 'class java.lang.String' on method setCol in class 'org.onecmdb.core.utils.transform.jdbc.JDBCAttributeSelector'
2009-02-06 06:27:07,659 INFO [org.onecmdb.core.utils.bean.BeanClassInjector] - Map alias 'regExpr-system_selector-3' to class RegExprMatcher'
2009-02-06 06:27:07,686 INFO [org.onecmdb.core.utils.bean.BeanClassInjector] - Map alias 'system_netprinter' to class DataSet'
2009-02-06 06:27:07,705 INFO [org.onecmdb.core.utils.bean.BeanClassInjector] - Map alias 'instanceSelector-system_netprinter' to class JDBCInstanceSelector'
2009-02-06 06:27:07,777 ERROR [org.onecmdb.core.utils.bean.BeanClassInjector] - Can't set object 'class java.lang.String' on method setCol in class 'org.onecmdb.core.utils.transform.jdbc.JDBCAttributeSelector'
2009-02-06 06:27:07,801 ERROR [org.onecmdb.core.utils.bean.BeanClassInjector] - Can't set object 'class java.lang.String' on method setCol in class 'org.onecmdb.core.utils.transform.jdbc.JDBCAttributeSelector'
2009-02-06 06:27:07,825 ERROR [org.onecmdb.core.utils.bean.BeanClassInjector] - Can't set object 'class java.lang.String' on method setCol in class 'org.onecmdb.core.utils.transform.jdbc.JDBCAttributeSelector'
2009-02-06 06:27:07,845 ERROR [org.onecmdb.core.utils.bean.BeanClassInjector] - Can't set object 'class java.lang.String' on method setCol in class 'org.onecmdb.core.utils.transform.jdbc.JDBCAttributeSelector'
2009-02-06 06:27:07,865 ERROR [org.onecmdb.core.utils.bean.BeanClassInjector] - Can't set object 'class java.lang.String' on method setCol in class 'org.onecmdb.core.utils.transform.jdbc.JDBCAttributeSelector'
2009-02-06 06:27:07,953 ERROR [org.onecmdb.core.utils.bean.BeanClassInjector] - Can't set object 'class java.lang.String' on method setCol in class 'org.onecmdb.core.utils.transform.jdbc.JDBCAttributeSelector'
2009-02-06 06:27:07,962 INFO [org.onecmdb.core.utils.bean.BeanClassInjector] - Map alias 'system_selector-3-expr' to class JDBCAttributeSelector'
2009-02-06 06:27:07,974 ERROR [org.onecmdb.core.utils.bean.BeanClassInjector] - Can't set object 'class java.lang.String' on method setCol in class 'org.onecmdb.core.utils.transform.jdbc.JDBCAttributeSelector'
2009-02-06 06:27:07,985 INFO [org.onecmdb.core.utils.bean.BeanClassInjector] - Map alias 'regExpr-system_selector-4' to class RegExprMatcher'
2009-02-06 06:27:08,005 INFO [org.onecmdb.core.utils.bean.BeanClassInjector] - Map alias 'system_switch' to class DataSet'
2009-02-06 06:27:08,026 INFO [org.onecmdb.core.utils.bean.BeanClassInjector] - Map alias 'instanceSelector-system_switch' to class JDBCInstanceSelector'
2009-02-06 06:27:08,105 ERROR [org.onecmdb.core.utils.bean.BeanClassInjector] - Can't set object 'class java.lang.String' on method setCol in class 'org.onecmdb.core.utils.transform.jdbc.JDBCAttributeSelector'
2009-02-06 06:27:08,127 ERROR [org.onecmdb.core.utils.bean.BeanClassInjector] - Can't set object 'class java.lang.String' on method setCol in class 'org.onecmdb.core.utils.transform.jdbc.JDBCAttributeSelector'
2009-02-06 06:27:08,144 ERROR [org.onecmdb.core.utils.bean.BeanClassInjector] - Can't set object 'class java.lang.String' on method setCol in class 'org.onecmdb.core.utils.transform.jdbc.JDBCAttributeSelector'
2009-02-06 06:27:08,165 ERROR [org.onecmdb.core.utils.bean.BeanClassInjector] - Can't set object 'class java.lang.String' on method setCol in class 'org.onecmdb.core.utils.transform.jdbc.JDBCAttributeSelector'
2009-02-06 06:27:08,188 ERROR [org.onecmdb.core.utils.bean.BeanClassInjector] - Can't set object 'class java.lang.String' on method setCol in class 'org.onecmdb.core.utils.transform.jdbc.JDBCAttributeSelector'
2009-02-06 06:27:08,301 ERROR [org.onecmdb.core.utils.bean.BeanClassInjector] - Can't set object 'class java.lang.String' on method setCol in class 'org.onecmdb.core.utils.transform.jdbc.JDBCAttributeSelector'
2009-02-06 06:27:08,317 INFO [org.onecmdb.core.utils.bean.BeanClassInjector] - Map alias 'system_selector-4-expr' to class JDBCAttributeSelector'
2009-02-06 06:27:08,331 ERROR [org.onecmdb.core.utils.bean.BeanClassInjector] - Can't set object 'class java.lang.String' on method setCol in class 'org.onecmdb.core.utils.transform.jdbc.JDBCAttributeSelector'
2009-02-06 06:27:08,343 INFO [org.onecmdb.core.utils.bean.BeanClassInjector] - Map alias 'regExpr-system_selector-5' to class RegExprMatcher'
2009-02-06 06:27:08,365 INFO [org.onecmdb.core.utils.bean.BeanClassInjector] - Map alias 'system_router' to class DataSet'
2009-02-06 06:27:08,394 INFO [org.onecmdb.core.utils.bean.BeanClassInjector] - Map alias 'instanceSelector-system_router' to class JDBCInstanceSelector'
2009-02-06 06:27:08,505 ERROR [org.onecmdb.core.utils.bean.BeanClassInjector] - Can't set object 'class java.lang.String' on method setCol in class 'org.onecmdb.core.utils.transform.jdbc.JDBCAttributeSelector'
2009-02-06 06:27:08,524 ERROR [org.onecmdb.core.utils.bean.BeanClassInjector] - Can't set object 'class java.lang.String' on method setCol in class 'org.onecmdb.core.utils.transform.jdbc.JDBCAttributeSelector'
2009-02-06 06:27:08,545 ERROR [org.onecmdb.core.utils.bean.BeanClassInjector] - Can't set object 'class java.lang.String' on method setCol in class 'org.onecmdb.core.utils.transform.jdbc.JDBCAttributeSelector'
2009-02-06 06:27:08,570 ERROR [org.onecmdb.core.utils.bean.BeanClassInjector] - Can't set object 'class java.lang.String' on method setCol in class 'org.onecmdb.core.utils.transform.jdbc.JDBCAttributeSelector'
2009-02-06 06:27:08,591 ERROR [org.onecmdb.core.utils.bean.BeanClassInjector] - Can't set object 'class java.lang.String' on method setCol in class 'org.onecmdb.core.utils.transform.jdbc.JDBCAttributeSelector'
2009-02-06 06:27:08,677 ERROR [org.onecmdb.core.utils.bean.BeanClassInjector] - Can't set object 'class java.lang.String' on method setCol in class 'org.onecmdb.core.utils.transform.jdbc.JDBCAttributeSelector'
2009-02-06 06:27:08,697 INFO [org.onecmdb.core.utils.bean.BeanClassInjector] - Map alias 'system_selector-5-expr' to class JDBCAttributeSelector'
2009-02-06 06:27:08,710 ERROR [org.onecmdb.core.utils.bean.BeanClassInjector] - Can't set object 'class java.lang.String' on method setCol in class 'org.onecmdb.core.utils.transform.jdbc.JDBCAttributeSelector'
2009-02-06 06:27:08,720 INFO [org.onecmdb.core.utils.bean.BeanClassInjector] - Map alias 'fw-network' to class ComplexAttributeSelector'
2009-02-06 06:27:08,811 ERROR [org.onecmdb.core.utils.bean.BeanClassInjector] - Can't set object 'class java.lang.String' on method setCol in class 'org.onecmdb.core.utils.transform.jdbc.JDBCAttributeSelector'
2009-02-06 07:11:45,551 INFO [org.onecmdb.core.utils.bean.BeanClassInjector] - Map alias 'jdbc2systems' to class DataSet'
2009-02-06 07:11:45,610 INFO [org.onecmdb.core.utils.bean.BeanClassInjector] - Map alias 'fw-jdbc2systems' to class ForwardInstanceSelector'
2009-02-06 07:11:45,652 INFO [org.onecmdb.core.utils.bean.BeanClassInjector] - Map alias 'fw-system_selector' to class ComplexAttributeSelector'
2009-02-06 07:11:45,688 INFO [org.onecmdb.core.utils.bean.BeanClassInjector] - Map alias 'system_selector' to class DataSetSelector'
2009-02-06 07:11:45,720 INFO [org.onecmdb.core.utils.bean.BeanClassInjector] - Map alias 'instanceSelector-system_selector' to class JDBCInstanceSelector'
2009-02-06 07:11:45,753 INFO [org.onecmdb.core.utils.bean.BeanClassInjector] - Map alias 'regExpr-system_selector-0' to class RegExprMatcher'
2009-02-06 07:11:45,790 INFO [org.onecmdb.core.utils.bean.BeanClassInjector] - Map alias 'system_server' to class DataSet'
2009-02-06 07:11:45,815 INFO [org.onecmdb.core.utils.bean.BeanClassInjector] - Map alias 'instanceSelector-system_server' to class JDBCInstanceSelector'
2009-02-06 07:11:45,850 INFO [org.onecmdb.core.utils.bean.BeanClassInjector] - Map alias 'system' to class DataSet'
2009-02-06 07:11:45,876 INFO [org.onecmdb.core.utils.bean.BeanClassInjector] - Map alias 'instanceSelector-system' to class JDBCInstanceSelector'
2009-02-06 07:11:45,896 INFO [org.onecmdb.core.utils.bean.BeanClassInjector] - Map alias 'system-Hostname' to class JDBCAttributeSelector'
2009-02-06 07:11:45,909 ERROR [org.onecmdb.core.utils.bean.BeanClassInjector] - Can't set object 'class java.lang.String' on method setCol in class 'org.onecmdb.core.utils.transform.jdbc.JDBCAttributeSelector'
2009-02-06 07:11:45,919 INFO [org.onecmdb.core.utils.bean.BeanClassInjector] - Map alias 'system-IPAddress' to class JDBCAttributeSelector'
2009-02-06 07:11:45,930 ERROR [org.onecmdb.core.utils.bean.BeanClassInjector] - Can't set object 'class java.lang.String' on method setCol in class 'org.onecmdb.core.utils.transform.jdbc.JDBCAttributeSelector'
2009-02-06 07:11:45,943 INFO [org.onecmdb.core.utils.bean.BeanClassInjector] - Map alias 'system-IPv6Address' to class JDBCAttributeSelector'
2009-02-06 07:11:45,957 ERROR [org.onecmdb.core.utils.bean.BeanClassInjector] - Can't set object 'class java.lang.String' on method setCol in class 'org.onecmdb.core.utils.transform.jdbc.JDBCAttributeSelector'
2009-02-06 07:11:45,967 INFO [org.onecmdb.core.utils.bean.BeanClassInjector] - Map alias 'system-MAC_Address' to class JDBCAttributeSelector'
2009-02-06 07:11:45,978 ERROR [org.onecmdb.core.utils.bean.BeanClassInjector] - Can't set object 'class java.lang.String' on method setCol in class 'org.onecmdb.core.utils.transform.jdbc.JDBCAttributeSelector'
2009-02-06 07:11:45,990 INFO [org.onecmdb.core.utils.bean.BeanClassInjector] - Map alias 'system-SerialNumber' to class JDBCAttributeSelector'
2009-02-06 07:11:46,000 ERROR [org.onecmdb.core.utils.bean.BeanClassInjector] - Can't set object 'class java.lang.String' on method setCol in class 'org.onecmdb.core.utils.transform.jdbc.JDBCAttributeSelector'
2009-02-06 07:11:46,009 INFO [org.onecmdb.core.utils.bean.BeanClassInjector] - Map alias 'system-Network' to class ComplexAttributeSelector'
2009-02-06 07:11:46,029 INFO [org.onecmdb.core.utils.bean.BeanClassInjector] - Map alias 'network' to class DataSet'
2009-02-06 07:11:46,047 INFO [org.onecmdb.core.utils.bean.BeanClassInjector] - Map alias 'instanceSelector-network' to class JDBCInstanceSelector'
2009-02-06 07:11:46,068 INFO [org.onecmdb.core.utils.bean.BeanClassInjector] - Map alias 'network-Name' to class JDBCAttributeSelector'
2009-02-06 07:11:46,080 ERROR [org.onecmdb.core.utils.bean.BeanClassInjector] - Can't set object 'class java.lang.String' on method setCol in class 'org.onecmdb.core.utils.transform.jdbc.JDBCAttributeSelector'
2009-02-06 07:11:46,090 INFO [org.onecmdb.core.utils.bean.BeanClassInjector] - Map alias 'system_selector-0-expr' to class JDBCAttributeSelector'
2009-02-06 07:11:46,098 ERROR [org.onecmdb.core.utils.bean.BeanClassInjector] - Can't set object 'class java.lang.String' on method setCol in class 'org.onecmdb.core.utils.transform.jdbc.JDBCAttributeSelector'
2009-02-06 07:11:46,108 INFO [org.onecmdb.core.utils.bean.BeanClassInjector] - Map alias 'regExpr-system_selector-1' to class RegExprMatcher'
2009-02-06 07:11:46,132 INFO [org.onecmdb.core.utils.bean.BeanClassInjector] - Map alias 'system_laptop' to class DataSet'
2009-02-06 07:11:46,150 INFO [org.onecmdb.core.utils.bean.BeanClassInjector] - Map alias 'instanceSelector-system_laptop' to class JDBCInstanceSelector'
2009-02-06 07:11:46,228 ERROR [org.onecmdb.core.utils.bean.BeanClassInjector] - Can't set object 'class java.lang.String' on method setCol in class 'org.onecmdb.core.utils.transform.jdbc.JDBCAttributeSelector'
2009-02-06 07:11:46,254 ERROR [org.onecmdb.core.utils.bean.BeanClassInjector] - Can't set object 'class java.lang.String' on method setCol in class 'org.onecmdb.core.utils.transform.jdbc.JDBCAttributeSelector'
2009-02-06 07:11:46,273 ERROR [org.onecmdb.core.utils.bean.BeanClassInjector] - Can't set object 'class java.lang.String' on method setCol in class 'org.onecmdb.core.utils.transform.jdbc.JDBCAttributeSelector'
2009-02-06 07:11:46,291 ERROR [org.onecmdb.core.utils.bean.BeanClassInjector] - Can't set object 'class java.lang.String' on method setCol in class 'org.onecmdb.core.utils.transform.jdbc.JDBCAttributeSelector'
2009-02-06 07:11:46,313 ERROR [org.onecmdb.core.utils.bean.BeanClassInjector] - Can't set object 'class java.lang.String' on method setCol in class 'org.onecmdb.core.utils.transform.jdbc.JDBCAttributeSelector'
2009-02-06 07:11:46,396 ERROR [org.onecmdb.core.utils.bean.BeanClassInjector] - Can't set object 'class java.lang.String' on method setCol in class 'org.onecmdb.core.utils.transform.jdbc.JDBCAttributeSelector'
2009-02-06 07:11:46,405 INFO [org.onecmdb.core.utils.bean.BeanClassInjector] - Map alias 'system_selector-1-expr' to class JDBCAttributeSelector'
2009-02-06 07:11:46,418 ERROR [org.onecmdb.core.utils.bean.BeanClassInjector] - Can't set object 'class java.lang.String' on method setCol in class 'org.onecmdb.core.utils.transform.jdbc.JDBCAttributeSelector'
2009-02-06 07:11:46,428 INFO [org.onecmdb.core.utils.bean.BeanClassInjector] - Map alias 'regExpr-system_selector-2' to class RegExprMatcher'
2009-02-06 07:11:46,444 INFO [org.onecmdb.core.utils.bean.BeanClassInjector] - Map alias 'system_desktop' to class DataSet'
2009-02-06 07:11:46,463 INFO [org.onecmdb.core.utils.bean.BeanClassInjector] - Map alias 'instanceSelector-system_desktop' to class JDBCInstanceSelector'
2009-02-06 07:11:46,530 ERROR [org.onecmdb.core.utils.bean.BeanClassInjector] - Can't set object 'class java.lang.String' on method setCol in class 'org.onecmdb.core.utils.transform.jdbc.JDBCAttributeSelector'
2009-02-06 07:11:46,552 ERROR [org.onecmdb.core.utils.bean.BeanClassInjector] - Can't set object 'class java.lang.String' on method setCol in class 'org.onecmdb.core.utils.transform.jdbc.JDBCAttributeSelector'
2009-02-06 07:11:46,570 ERROR [org.onecmdb.core.utils.bean.BeanClassInjector] - Can't set object 'class java.lang.String' on method setCol in class 'org.onecmdb.core.utils.transform.jdbc.JDBCAttributeSelector'
2009-02-06 07:11:46,591 ERROR [org.onecmdb.core.utils.bean.BeanClassInjector] - Can't set object 'class java.lang.String' on method setCol in class 'org.onecmdb.core.utils.transform.jdbc.JDBCAttributeSelector'
2009-02-06 07:11:46,613 ERROR [org.onecmdb.core.utils.bean.BeanClassInjector] - Can't set object 'class java.lang.String' on method setCol in class 'org.onecmdb.core.utils.transform.jdbc.JDBCAttributeSelector'
2009-02-06 07:11:46,689 ERROR [org.onecmdb.core.utils.bean.BeanClassInjector] - Can't set object 'class java.lang.String' on method setCol in class 'org.onecmdb.core.utils.transform.jdbc.JDBCAttributeSelector'
2009-02-06 07:11:46,701 INFO [org.onecmdb.core.utils.bean.BeanClassInjector] - Map alias 'system_selector-2-expr' to class JDBCAttributeSelector'
2009-02-06 07:11:46,710 ERROR [org.onecmdb.core.utils.bean.BeanClassInjector] - Can't set object 'class java.lang.String' on method setCol in class 'org.onecmdb.core.utils.transform.jdbc.JDBCAttributeSelector'
2009-02-06 07:11:46,718 INFO [org.onecmdb.core.utils.bean.BeanClassInjector] - Map alias 'regExpr-system_selector-3' to class RegExprMatcher'
2009-02-06 07:11:46,736 INFO [org.onecmdb.core.utils.bean.BeanClassInjector] - Map alias 'system_netprinter' to class DataSet'
2009-02-06 07:11:46,761 INFO [org.onecmdb.core.utils.bean.BeanClassInjector] - Map alias 'instanceSelector-system_netprinter' to class JDBCInstanceSelector'
2009-02-06 07:11:46,825 ERROR [org.onecmdb.core.utils.bean.BeanClassInjector] - Can't set object 'class java.lang.String' on method setCol in class 'org.onecmdb.core.utils.transform.jdbc.JDBCAttributeSelector'
2009-02-06 07:11:46,844 ERROR [org.onecmdb.core.utils.bean.BeanClassInjector] - Can't set object 'class java.lang.String' on method setCol in class 'org.onecmdb.core.utils.transform.jdbc.JDBCAttributeSelector'
2009-02-06 07:11:46,867 ERROR [org.onecmdb.core.utils.bean.BeanClassInjector] - Can't set object 'class java.lang.String' on method setCol in class 'org.onecmdb.core.utils.transform.jdbc.JDBCAttributeSelector'
2009-02-06 07:11:46,888 ERROR [org.onecmdb.core.utils.bean.BeanClassInjector] - Can't set object 'class java.lang.String' on method setCol in class 'org.onecmdb.core.utils.transform.jdbc.JDBCAttributeSelector'
2009-02-06 07:11:46,906 ERROR [org.onecmdb.core.utils.bean.BeanClassInjector] - Can't set object 'class java.lang.String' on method setCol in class 'org.onecmdb.core.utils.transform.jdbc.JDBCAttributeSelector'
2009-02-06 07:11:46,982 ERROR [org.onecmdb.core.utils.bean.BeanClassInjector] - Can't set object 'class java.lang.String' on method setCol in class 'org.onecmdb.core.utils.transform.jdbc.JDBCAttributeSelector'
2009-02-06 07:11:46,995 INFO [org.onecmdb.core.utils.bean.BeanClassInjector] - Map alias 'system_selector-3-expr' to class JDBCAttributeSelector'
2009-02-06 07:11:47,003 ERROR [org.onecmdb.core.utils.bean.BeanClassInjector] - Can't set object 'class java.lang.String' on method setCol in class 'org.onecmdb.core.utils.transform.jdbc.JDBCAttributeSelector'
2009-02-06 07:11:47,012 INFO [org.onecmdb.core.utils.bean.BeanClassInjector] - Map alias 'regExpr-system_selector-4' to class RegExprMatcher'
2009-02-06 07:11:47,030 INFO [org.onecmdb.core.utils.bean.BeanClassInjector] - Map alias 'system_switch' to class DataSet'
2009-02-06 07:11:47,050 INFO [org.onecmdb.core.utils.bean.BeanClassInjector] - Map alias 'instanceSelector-system_switch' to class JDBCInstanceSelector'
2009-02-06 07:11:47,120 ERROR [org.onecmdb.core.utils.bean.BeanClassInjector] - Can't set object 'class java.lang.String' on method setCol in class 'org.onecmdb.core.utils.transform.jdbc.JDBCAttributeSelector'
2009-02-06 07:11:47,138 ERROR [org.onecmdb.core.utils.bean.BeanClassInjector] - Can't set object 'class java.lang.String' on method setCol in class 'org.onecmdb.core.utils.transform.jdbc.JDBCAttributeSelector'
2009-02-06 07:11:47,156 ERROR [org.onecmdb.core.utils.bean.BeanClassInjector] - Can't set object 'class java.lang.String' on method setCol in class 'org.onecmdb.core.utils.transform.jdbc.JDBCAttributeSelector'
2009-02-06 07:11:47,177 ERROR [org.onecmdb.core.utils.bean.BeanClassInjector] - Can't set object 'class java.lang.String' on method setCol in class 'org.onecmdb.core.utils.transform.jdbc.JDBCAttributeSelector'
2009-02-06 07:11:47,198 ERROR [org.onecmdb.core.utils.bean.BeanClassInjector] - Can't set object 'class java.lang.String' on method setCol in class 'org.onecmdb.core.utils.transform.jdbc.JDBCAttributeSelector'
2009-02-06 07:11:47,271 ERROR [org.onecmdb.core.utils.bean.BeanClassInjector] - Can't set object 'class java.lang.String' on method setCol in class 'org.onecmdb.core.utils.transform.jdbc.JDBCAttributeSelector'
2009-02-06 07:11:47,281 INFO [org.onecmdb.core.utils.bean.BeanClassInjector] - Map alias 'system_selector-4-expr' to class JDBCAttributeSelector'
2009-02-06 07:11:47,290 ERROR [org.onecmdb.core.utils.bean.BeanClassInjector] - Can't set object 'class java.lang.String' on method setCol in class 'org.onecmdb.core.utils.transform.jdbc.JDBCAttributeSelector'
2009-02-06 07:11:47,297 INFO [org.onecmdb.core.utils.bean.BeanClassInjector] - Map alias 'regExpr-system_selector-5' to class RegExprMatcher'
2009-02-06 07:11:47,315 INFO [org.onecmdb.core.utils.bean.BeanClassInjector] - Map alias 'system_router' to class DataSet'
2009-02-06 07:11:47,336 INFO [org.onecmdb.core.utils.bean.BeanClassInjector] - Map alias 'instanceSelector-system_router' to class JDBCInstanceSelector'
2009-02-06 07:11:47,402 ERROR [org.onecmdb.core.utils.bean.BeanClassInjector] - Can't set object 'class java.lang.String' on method setCol in class 'org.onecmdb.core.utils.transform.jdbc.JDBCAttributeSelector'
2009-02-06 07:11:47,418 ERROR [org.onecmdb.core.utils.bean.BeanClassInjector] - Can't set object 'class java.lang.String' on method setCol in class 'org.onecmdb.core.utils.transform.jdbc.JDBCAttributeSelector'
2009-02-06 07:11:47,435 ERROR [org.onecmdb.core.utils.bean.BeanClassInjector] - Can't set object 'class java.lang.String' on method setCol in class 'org.onecmdb.core.utils.transform.jdbc.JDBCAttributeSelector'
2009-02-06 07:11:47,452 ERROR [org.onecmdb.core.utils.bean.BeanClassInjector] - Can't set object 'class java.lang.String' on method setCol in class 'org.onecmdb.core.utils.transform.jdbc.JDBCAttributeSelector'
2009-02-06 07:11:47,471 ERROR [org.onecmdb.core.utils.bean.BeanClassInjector] - Can't set object 'class java.lang.String' on method setCol in class 'org.onecmdb.core.utils.transform.jdbc.JDBCAttributeSelector'
2009-02-06 07:11:47,545 ERROR [org.onecmdb.core.utils.bean.BeanClassInjector] - Can't set object 'class java.lang.String' on method setCol in class 'org.onecmdb.core.utils.transform.jdbc.JDBCAttributeSelector'
2009-02-06 07:11:47,554 INFO [org.onecmdb.core.utils.bean.BeanClassInjector] - Map alias 'system_selector-5-expr' to class JDBCAttributeSelector'
2009-02-06 07:11:47,562 ERROR [org.onecmdb.core.utils.bean.BeanClassInjector] - Can't set object 'class java.lang.String' on method setCol in class 'org.onecmdb.core.utils.transform.jdbc.JDBCAttributeSelector'
2009-02-06 07:11:47,572 INFO [org.onecmdb.core.utils.bean.BeanClassInjector] - Map alias 'fw-network' to class ComplexAttributeSelector'
2009-02-06 07:11:47,634 ERROR [org.onecmdb.core.utils.bean.BeanClassInjector] - Can't set object 'class java.lang.String' on method setCol in class 'org.onecmdb.core.utils.transform.jdbc.JDBCAttributeSelector'
2009-02-06 07:36:37,489 INFO [org.onecmdb.core.utils.bean.BeanClassInjector] - Map alias 'jdbc2systems' to class DataSet'
2009-02-06 07:36:37,548 INFO [org.onecmdb.core.utils.bean.BeanClassInjector] - Map alias 'fw-jdbc2systems' to class ForwardInstanceSelector'
2009-02-06 07:36:37,590 INFO [org.onecmdb.core.utils.bean.BeanClassInjector] - Map alias 'fw-system_selector' to class ComplexAttributeSelector'
2009-02-06 07:36:37,622 INFO [org.onecmdb.core.utils.bean.BeanClassInjector] - Map alias 'system_selector' to class DataSetSelector'
2009-02-06 07:36:37,653 INFO [org.onecmdb.core.utils.bean.BeanClassInjector] - Map alias 'instanceSelector-system_selector' to class JDBCInstanceSelector'
2009-02-06 07:36:37,687 INFO [org.onecmdb.core.utils.bean.BeanClassInjector] - Map alias 'regExpr-system_selector-0' to class RegExprMatcher'
2009-02-06 07:36:37,723 INFO [org.onecmdb.core.utils.bean.BeanClassInjector] - Map alias 'system_server' to class DataSet'
2009-02-06 07:36:37,749 INFO [org.onecmdb.core.utils.bean.BeanClassInjector] - Map alias 'instanceSelector-system_server' to class JDBCInstanceSelector'
2009-02-06 07:36:37,784 INFO [org.onecmdb.core.utils.bean.BeanClassInjector] - Map alias 'system' to class DataSet'
2009-02-06 07:36:37,809 INFO [org.onecmdb.core.utils.bean.BeanClassInjector] - Map alias 'instanceSelector-system' to class JDBCInstanceSelector'
2009-02-06 07:36:37,829 INFO [org.onecmdb.core.utils.bean.BeanClassInjector] - Map alias 'system-Hostname' to class JDBCAttributeSelector'
2009-02-06 07:36:37,841 ERROR [org.onecmdb.core.utils.bean.BeanClassInjector] - Can't set object 'class java.lang.String' on method setCol in class 'org.onecmdb.core.utils.transform.jdbc.JDBCAttributeSelector'
2009-02-06 07:36:37,850 INFO [org.onecmdb.core.utils.bean.BeanClassInjector] - Map alias 'system-IPAddress' to class JDBCAttributeSelector'
2009-02-06 07:36:37,866 ERROR [org.onecmdb.core.utils.bean.BeanClassInjector] - Can't set object 'class java.lang.String' on method setCol in class 'org.onecmdb.core.utils.transform.jdbc.JDBCAttributeSelector'
2009-02-06 07:36:37,876 INFO [org.onecmdb.core.utils.bean.BeanClassInjector] - Map alias 'system-IPv6Address' to class JDBCAttributeSelector'
2009-02-06 07:36:37,890 ERROR [org.onecmdb.core.utils.bean.BeanClassInjector] - Can't set object 'class java.lang.String' on method setCol in class 'org.onecmdb.core.utils.transform.jdbc.JDBCAttributeSelector'
2009-02-06 07:36:37,900 INFO [org.onecmdb.core.utils.bean.BeanClassInjector] - Map alias 'system-MAC_Address' to class JDBCAttributeSelector'
2009-02-06 07:36:37,910 ERROR [org.onecmdb.core.utils.bean.BeanClassInjector] - Can't set object 'class java.lang.String' on method setCol in class 'org.onecmdb.core.utils.transform.jdbc.JDBCAttributeSelector'
2009-02-06 07:36:37,922 INFO [org.onecmdb.core.utils.bean.BeanClassInjector] - Map alias 'system-SerialNumber' to class JDBCAttributeSelector'
2009-02-06 07:36:37,934 ERROR [org.onecmdb.core.utils.bean.BeanClassInjector] - Can't set object 'class java.lang.String' on method setCol in class 'org.onecmdb.core.utils.transform.jdbc.JDBCAttributeSelector'
2009-02-06 07:36:37,943 INFO [org.onecmdb.core.utils.bean.BeanClassInjector] - Map alias 'system-Network' to class ComplexAttributeSelector'
2009-02-06 07:36:37,964 INFO [org.onecmdb.core.utils.bean.BeanClassInjector] - Map alias 'network' to class DataSet'
2009-02-06 07:36:37,992 INFO [org.onecmdb.core.utils.bean.BeanClassInjector] - Map alias 'instanceSelector-network' to class JDBCInstanceSelector'
2009-02-06 07:36:38,012 INFO [org.onecmdb.core.utils.bean.BeanClassInjector] - Map alias 'network-Name' to class JDBCAttributeSelector'
2009-02-06 07:36:38,022 ERROR [org.onecmdb.core.utils.bean.BeanClassInjector] - Can't set object 'class java.lang.String' on method setCol in class 'org.onecmdb.core.utils.transform.jdbc.JDBCAttributeSelector'
2009-02-06 07:36:38,034 INFO [org.onecmdb.core.utils.bean.BeanClassInjector] - Map alias 'system_selector-0-expr' to class JDBCAttributeSelector'
2009-02-06 07:36:38,044 ERROR [org.onecmdb.core.utils.bean.BeanClassInjector] - Can't set object 'class java.lang.String' on method setCol in class 'org.onecmdb.core.utils.transform.jdbc.JDBCAttributeSelector'
2009-02-06 07:36:38,055 INFO [org.onecmdb.core.utils.bean.BeanClassInjector] - Map alias 'regExpr-system_selector-1' to class RegExprMatcher'
2009-02-06 07:36:38,075 INFO [org.onecmdb.core.utils.bean.BeanClassInjector] - Map alias 'system_laptop' to class DataSet'
2009-02-06 07:36:38,092 INFO [org.onecmdb.core.utils.bean.BeanClassInjector] - Map alias 'instanceSelector-system_laptop' to class JDBCInstanceSelector'
2009-02-06 07:36:38,168 ERROR [org.onecmdb.core.utils.bean.BeanClassInjector] - Can't set object 'class java.lang.String' on method setCol in class 'org.onecmdb.core.utils.transform.jdbc.JDBCAttributeSelector'
2009-02-06 07:36:38,189 ERROR [org.onecmdb.core.utils.bean.BeanClassInjector] - Can't set object 'class java.lang.String' on method setCol in class 'org.onecmdb.core.utils.transform.jdbc.JDBCAttributeSelector'
2009-02-06 07:36:38,207 ERROR [org.onecmdb.core.utils.bean.BeanClassInjector] - Can't set object 'class java.lang.String' on method setCol in class 'org.onecmdb.core.utils.transform.jdbc.JDBCAttributeSelector'
2009-02-06 07:36:38,227 ERROR [org.onecmdb.core.utils.bean.BeanClassInjector] - Can't set object 'class java.lang.String' on method setCol in class 'org.onecmdb.core.utils.transform.jdbc.JDBCAttributeSelector'
2009-02-06 07:36:38,248 ERROR [org.onecmdb.core.utils.bean.BeanClassInjector] - Can't set object 'class java.lang.String' on method setCol in class 'org.onecmdb.core.utils.transform.jdbc.JDBCAttributeSelector'
2009-02-06 07:36:38,336 ERROR [org.onecmdb.core.utils.bean.BeanClassInjector] - Can't set object 'class java.lang.String' on method setCol in class 'org.onecmdb.core.utils.transform.jdbc.JDBCAttributeSelector'
2009-02-06 07:36:38,345 INFO [org.onecmdb.core.utils.bean.BeanClassInjector] - Map alias 'system_selector-1-expr' to class JDBCAttributeSelector'
2009-02-06 07:36:38,357 ERROR [org.onecmdb.core.utils.bean.BeanClassInjector] - Can't set object 'class java.lang.String' on method setCol in class 'org.onecmdb.core.utils.transform.jdbc.JDBCAttributeSelector'
2009-02-06 07:36:38,371 INFO [org.onecmdb.core.utils.bean.BeanClassInjector] - Map alias 'regExpr-system_selector-2' to class RegExprMatcher'
2009-02-06 07:36:38,388 INFO [org.onecmdb.core.utils.bean.BeanClassInjector] - Map alias 'system_desktop' to class DataSet'
2009-02-06 07:36:38,405 INFO [org.onecmdb.core.utils.bean.BeanClassInjector] - Map alias 'instanceSelector-system_desktop' to class JDBCInstanceSelector'
2009-02-06 07:36:38,473 ERROR [org.onecmdb.core.utils.bean.BeanClassInjector] - Can't set object 'class java.lang.String' on method setCol in class 'org.onecmdb.core.utils.transform.jdbc.JDBCAttributeSelector'
2009-02-06 07:36:38,492 ERROR [org.onecmdb.core.utils.bean.BeanClassInjector] - Can't set object 'class java.lang.String' on method setCol in class 'org.onecmdb.core.utils.transform.jdbc.JDBCAttributeSelector'
2009-02-06 07:36:38,513 ERROR [org.onecmdb.core.utils.bean.BeanClassInjector] - Can't set object 'class java.lang.String' on method setCol in class 'org.onecmdb.core.utils.transform.jdbc.JDBCAttributeSelector'
2009-02-06 07:36:38,535 ERROR [org.onecmdb.core.utils.bean.BeanClassInjector] - Can't set object 'class java.lang.String' on method setCol in class 'org.onecmdb.core.utils.transform.jdbc.JDBCAttributeSelector'
2009-02-06 07:36:38,553 ERROR [org.onecmdb.core.utils.bean.BeanClassInjector] - Can't set object 'class java.lang.String' on method setCol in class 'org.onecmdb.core.utils.transform.jdbc.JDBCAttributeSelector'
2009-02-06 07:36:38,625 ERROR [org.onecmdb.core.utils.bean.BeanClassInjector] - Can't set object 'class java.lang.String' on method setCol in class 'org.onecmdb.core.utils.transform.jdbc.JDBCAttributeSelector'
2009-02-06 07:36:38,637 INFO [org.onecmdb.core.utils.bean.BeanClassInjector] - Map alias 'system_selector-2-expr' to class JDBCAttributeSelector'
2009-02-06 07:36:38,650 ERROR [org.onecmdb.core.utils.bean.BeanClassInjector] - Can't set object 'class java.lang.String' on method setCol in class 'org.onecmdb.core.utils.transform.jdbc.JDBCAttributeSelector'
2009-02-06 07:36:38,659 INFO [org.onecmdb.core.utils.bean.BeanClassInjector] - Map alias 'regExpr-system_selector-3' to class RegExprMatcher'
2009-02-06 07:36:38,691 INFO [org.onecmdb.core.utils.bean.BeanClassInjector] - Map alias 'system_netprinter' to class DataSet'
2009-02-06 07:36:38,710 INFO [org.onecmdb.core.utils.bean.BeanClassInjector] - Map alias 'instanceSelector-system_netprinter' to class JDBCInstanceSelector'
2009-02-06 07:36:38,771 ERROR [org.onecmdb.core.utils.bean.BeanClassInjector] - Can't set object 'class java.lang.String' on method setCol in class 'org.onecmdb.core.utils.transform.jdbc.JDBCAttributeSelector'
2009-02-06 07:36:38,791 ERROR [org.onecmdb.core.utils.bean.BeanClassInjector] - Can't set object 'class java.lang.String' on method setCol in class 'org.onecmdb.core.utils.transform.jdbc.JDBCAttributeSelector'
2009-02-06 07:36:38,811 ERROR [org.onecmdb.core.utils.bean.BeanClassInjector] - Can't set object 'class java.lang.String' on method setCol in class 'org.onecmdb.core.utils.transform.jdbc.JDBCAttributeSelector'
2009-02-06 07:36:38,830 ERROR [org.onecmdb.core.utils.bean.BeanClassInjector] - Can't set object 'class java.lang.String' on method setCol in class 'org.onecmdb.core.utils.transform.jdbc.JDBCAttributeSelector'
2009-02-06 07:36:38,846 ERROR [org.onecmdb.core.utils.bean.BeanClassInjector] - Can't set object 'class java.lang.String' on method setCol in class 'org.onecmdb.core.utils.transform.jdbc.JDBCAttributeSelector'
2009-02-06 07:36:38,923 ERROR [org.onecmdb.core.utils.bean.BeanClassInjector] - Can't set object 'class java.lang.String' on method setCol in class 'org.onecmdb.core.utils.transform.jdbc.JDBCAttributeSelector'
2009-02-06 07:36:38,933 INFO [org.onecmdb.core.utils.bean.BeanClassInjector] - Map alias 'system_selector-3-expr' to class JDBCAttributeSelector'
2009-02-06 07:36:38,946 ERROR [org.onecmdb.core.utils.bean.BeanClassInjector] - Can't set object 'class java.lang.String' on method setCol in class 'org.onecmdb.core.utils.transform.jdbc.JDBCAttributeSelector'
2009-02-06 07:36:38,956 INFO [org.onecmdb.core.utils.bean.BeanClassInjector] - Map alias 'regExpr-system_selector-4' to class RegExprMatcher'
2009-02-06 07:36:38,973 INFO [org.onecmdb.core.utils.bean.BeanClassInjector] - Map alias 'system_switch' to class DataSet'
2009-02-06 07:36:38,993 INFO [org.onecmdb.core.utils.bean.BeanClassInjector] - Map alias 'instanceSelector-system_switch' to class JDBCInstanceSelector'
2009-02-06 07:36:39,061 ERROR [org.onecmdb.core.utils.bean.BeanClassInjector] - Can't set object 'class java.lang.String' on method setCol in class 'org.onecmdb.core.utils.transform.jdbc.JDBCAttributeSelector'
2009-02-06 07:36:39,079 ERROR [org.onecmdb.core.utils.bean.BeanClassInjector] - Can't set object 'class java.lang.String' on method setCol in class 'org.onecmdb.core.utils.transform.jdbc.JDBCAttributeSelector'
2009-02-06 07:36:39,095 ERROR [org.onecmdb.core.utils.bean.BeanClassInjector] - Can't set object 'class java.lang.String' on method setCol in class 'org.onecmdb.core.utils.transform.jdbc.JDBCAttributeSelector'
2009-02-06 07:36:39,115 ERROR [org.onecmdb.core.utils.bean.BeanClassInjector] - Can't set object 'class java.lang.String' on method setCol in class 'org.onecmdb.core.utils.transform.jdbc.JDBCAttributeSelector'
2009-02-06 07:36:39,137 ERROR [org.onecmdb.core.utils.bean.BeanClassInjector] - Can't set object 'class java.lang.String' on method setCol in class 'org.onecmdb.core.utils.transform.jdbc.JDBCAttributeSelector'
2009-02-06 07:36:39,209 ERROR [org.onecmdb.core.utils.bean.BeanClassInjector] - Can't set object 'class java.lang.String' on method setCol in class 'org.onecmdb.core.utils.transform.jdbc.JDBCAttributeSelector'
2009-02-06 07:36:39,218 INFO [org.onecmdb.core.utils.bean.BeanClassInjector] - Map alias 'system_selector-4-expr' to class JDBCAttributeSelector'
2009-02-06 07:36:39,228 ERROR [org.onecmdb.core.utils.bean.BeanClassInjector] - Can't set object 'class java.lang.String' on method setCol in class 'org.onecmdb.core.utils.transform.jdbc.JDBCAttributeSelector'
2009-02-06 07:36:39,236 INFO [org.onecmdb.core.utils.bean.BeanClassInjector] - Map alias 'regExpr-system_selector-5' to class RegExprMatcher'
2009-02-06 07:36:39,252 INFO [org.onecmdb.core.utils.bean.BeanClassInjector] - Map alias 'system_router' to class DataSet'
2009-02-06 07:36:39,271 INFO [org.onecmdb.core.utils.bean.BeanClassInjector] - Map alias 'instanceSelector-system_router' to class JDBCInstanceSelector'
2009-02-06 07:36:39,334 ERROR [org.onecmdb.core.utils.bean.BeanClassInjector] - Can't set object 'class java.lang.String' on method setCol in class 'org.onecmdb.core.utils.transform.jdbc.JDBCAttributeSelector'
2009-02-06 07:36:39,351 ERROR [org.onecmdb.core.utils.bean.BeanClassInjector] - Can't set object 'class java.lang.String' on method setCol in class 'org.onecmdb.core.utils.transform.jdbc.JDBCAttributeSelector'
2009-02-06 07:36:39,367 ERROR [org.onecmdb.core.utils.bean.BeanClassInjector] - Can't set object 'class java.lang.String' on method setCol in class 'org.onecmdb.core.utils.transform.jdbc.JDBCAttributeSelector'
2009-02-06 07:36:39,385 ERROR [org.onecmdb.core.utils.bean.BeanClassInjector] - Can't set object 'class java.lang.String' on method setCol in class 'org.onecmdb.core.utils.transform.jdbc.JDBCAttributeSelector'
2009-02-06 07:36:39,402 ERROR [org.onecmdb.core.utils.bean.BeanClassInjector] - Can't set object 'class java.lang.String' on method setCol in class 'org.onecmdb.core.utils.transform.jdbc.JDBCAttributeSelector'
2009-02-06 07:36:39,475 ERROR [org.onecmdb.core.utils.bean.BeanClassInjector] - Can't set object 'class java.lang.String' on method setCol in class 'org.onecmdb.core.utils.transform.jdbc.JDBCAttributeSelector'
2009-02-06 07:36:39,484 INFO [org.onecmdb.core.utils.bean.BeanClassInjector] - Map alias 'system_selector-5-expr' to class JDBCAttributeSelector'
2009-02-06 07:36:39,492 ERROR [org.onecmdb.core.utils.bean.BeanClassInjector] - Can't set object 'class java.lang.String' on method setCol in class 'org.onecmdb.core.utils.transform.jdbc.JDBCAttributeSelector'
2009-02-06 07:36:39,502 INFO [org.onecmdb.core.utils.bean.BeanClassInjector] - Map alias 'fw-network' to class ComplexAttributeSelector'
2009-02-06 07:36:39,564 ERROR [org.onecmdb.core.utils.bean.BeanClassInjector] - Can't set object 'class java.lang.String' on method setCol in class 'org.onecmdb.core.utils.transform.jdbc.JDBCAttributeSelector'
2009-02-06 07:38:11,601 INFO [org.onecmdb.core.utils.bean.BeanClassInjector] - Map alias 'jdbc2systems' to class DataSet'
2009-02-06 07:38:11,659 INFO [org.onecmdb.core.utils.bean.BeanClassInjector] - Map alias 'fw-jdbc2systems' to class ForwardInstanceSelector'
2009-02-06 07:38:11,709 INFO [org.onecmdb.core.utils.bean.BeanClassInjector] - Map alias 'fw-system_selector' to class ComplexAttributeSelector'
2009-02-06 07:38:11,744 INFO [org.onecmdb.core.utils.bean.BeanClassInjector] - Map alias 'system_selector' to class DataSetSelector'
2009-02-06 07:38:11,776 INFO [org.onecmdb.core.utils.bean.BeanClassInjector] - Map alias 'instanceSelector-system_selector' to class JDBCInstanceSelector'
2009-02-06 07:38:11,810 INFO [org.onecmdb.core.utils.bean.BeanClassInjector] - Map alias 'regExpr-system_selector-0' to class RegExprMatcher'
2009-02-06 07:38:11,846 INFO [org.onecmdb.core.utils.bean.BeanClassInjector] - Map alias 'system_server' to class DataSet'
2009-02-06 07:38:11,872 INFO [org.onecmdb.core.utils.bean.BeanClassInjector] - Map alias 'instanceSelector-system_server' to class JDBCInstanceSelector'
2009-02-06 07:38:11,905 INFO [org.onecmdb.core.utils.bean.BeanClassInjector] - Map alias 'system' to class DataSet'
2009-02-06 07:38:11,930 INFO [org.onecmdb.core.utils.bean.BeanClassInjector] - Map alias 'instanceSelector-system' to class JDBCInstanceSelector'
2009-02-06 07:38:11,951 INFO [org.onecmdb.core.utils.bean.BeanClassInjector] - Map alias 'system-Hostname' to class JDBCAttributeSelector'
2009-02-06 07:38:11,972 INFO [org.onecmdb.core.utils.bean.BeanClassInjector] - Map alias 'system-IPAddress' to class JDBCAttributeSelector'
2009-02-06 07:38:11,993 INFO [org.onecmdb.core.utils.bean.BeanClassInjector] - Map alias 'system-IPv6Address' to class JDBCAttributeSelector'
2009-02-06 07:38:12,015 INFO [org.onecmdb.core.utils.bean.BeanClassInjector] - Map alias 'system-MAC_Address' to class JDBCAttributeSelector'
2009-02-06 07:38:12,036 INFO [org.onecmdb.core.utils.bean.BeanClassInjector] - Map alias 'system-SerialNumber' to class JDBCAttributeSelector'
2009-02-06 07:38:12,054 INFO [org.onecmdb.core.utils.bean.BeanClassInjector] - Map alias 'system-Network' to class ComplexAttributeSelector'
2009-02-06 07:38:12,075 INFO [org.onecmdb.core.utils.bean.BeanClassInjector] - Map alias 'network' to class DataSet'
2009-02-06 07:38:12,095 INFO [org.onecmdb.core.utils.bean.BeanClassInjector] - Map alias 'instanceSelector-network' to class JDBCInstanceSelector'
2009-02-06 07:38:12,126 INFO [org.onecmdb.core.utils.bean.BeanClassInjector] - Map alias 'network-Name' to class JDBCAttributeSelector'
2009-02-06 07:38:12,146 INFO [org.onecmdb.core.utils.bean.BeanClassInjector] - Map alias 'system_selector-0-expr' to class JDBCAttributeSelector'
2009-02-06 07:38:12,163 INFO [org.onecmdb.core.utils.bean.BeanClassInjector] - Map alias 'regExpr-system_selector-1' to class RegExprMatcher'
2009-02-06 07:38:12,184 INFO [org.onecmdb.core.utils.bean.BeanClassInjector] - Map alias 'system_laptop' to class DataSet'
2009-02-06 07:38:12,203 INFO [org.onecmdb.core.utils.bean.BeanClassInjector] - Map alias 'instanceSelector-system_laptop' to class JDBCInstanceSelector'
2009-02-06 07:38:12,440 INFO [org.onecmdb.core.utils.bean.BeanClassInjector] - Map alias 'system_selector-1-expr' to class JDBCAttributeSelector'
2009-02-06 07:38:12,463 INFO [org.onecmdb.core.utils.bean.BeanClassInjector] - Map alias 'regExpr-system_selector-2' to class RegExprMatcher'
2009-02-06 07:38:12,480 INFO [org.onecmdb.core.utils.bean.BeanClassInjector] - Map alias 'system_desktop' to class DataSet'
2009-02-06 07:38:12,500 INFO [org.onecmdb.core.utils.bean.BeanClassInjector] - Map alias 'instanceSelector-system_desktop' to class JDBCInstanceSelector'
2009-02-06 07:38:12,728 INFO [org.onecmdb.core.utils.bean.BeanClassInjector] - Map alias 'system_selector-2-expr' to class JDBCAttributeSelector'
2009-02-06 07:38:12,748 INFO [org.onecmdb.core.utils.bean.BeanClassInjector] - Map alias 'regExpr-system_selector-3' to class RegExprMatcher'
2009-02-06 07:38:12,768 INFO [org.onecmdb.core.utils.bean.BeanClassInjector] - Map alias 'system_netprinter' to class DataSet'
2009-02-06 07:38:12,787 INFO [org.onecmdb.core.utils.bean.BeanClassInjector] - Map alias 'instanceSelector-system_netprinter' to class JDBCInstanceSelector'
2009-02-06 07:38:13,001 INFO [org.onecmdb.core.utils.bean.BeanClassInjector] - Map alias 'system_selector-3-expr' to class JDBCAttributeSelector'
2009-02-06 07:38:13,018 INFO [org.onecmdb.core.utils.bean.BeanClassInjector] - Map alias 'regExpr-system_selector-4' to class RegExprMatcher'
2009-02-06 07:38:13,034 INFO [org.onecmdb.core.utils.bean.BeanClassInjector] - Map alias 'system_switch' to class DataSet'
2009-02-06 07:38:13,050 INFO [org.onecmdb.core.utils.bean.BeanClassInjector] - Map alias 'instanceSelector-system_switch' to class JDBCInstanceSelector'
2009-02-06 07:38:13,272 INFO [org.onecmdb.core.utils.bean.BeanClassInjector] - Map alias 'system_selector-4-expr' to class JDBCAttributeSelector'
2009-02-06 07:38:13,289 INFO [org.onecmdb.core.utils.bean.BeanClassInjector] - Map alias 'regExpr-system_selector-5' to class RegExprMatcher'
2009-02-06 07:38:13,305 INFO [org.onecmdb.core.utils.bean.BeanClassInjector] - Map alias 'system_router' to class DataSet'
2009-02-06 07:38:13,324 INFO [org.onecmdb.core.utils.bean.BeanClassInjector] - Map alias 'instanceSelector-system_router' to class JDBCInstanceSelector'
2009-02-06 07:38:13,536 INFO [org.onecmdb.core.utils.bean.BeanClassInjector] - Map alias 'system_selector-5-expr' to class JDBCAttributeSelector'
2009-02-06 07:38:13,553 INFO [org.onecmdb.core.utils.bean.BeanClassInjector] - Map alias 'fw-network' to class ComplexAttributeSelector'
2009-02-06 07:39:30,095 INFO [org.onecmdb.core.utils.bean.BeanClassInjector] - Map alias 'jdbc2systems' to class DataSet'
2009-02-06 07:39:30,154 INFO [org.onecmdb.core.utils.bean.BeanClassInjector] - Map alias 'fw-jdbc2systems' to class ForwardInstanceSelector'
2009-02-06 07:39:30,196 INFO [org.onecmdb.core.utils.bean.BeanClassInjector] - Map alias 'fw-system_selector' to class ComplexAttributeSelector'
2009-02-06 07:39:30,234 INFO [org.onecmdb.core.utils.bean.BeanClassInjector] - Map alias 'system_selector' to class DataSetSelector'
2009-02-06 07:39:30,268 INFO [org.onecmdb.core.utils.bean.BeanClassInjector] - Map alias 'instanceSelector-system_selector' to class JDBCInstanceSelector'
2009-02-06 07:39:30,299 INFO [org.onecmdb.core.utils.bean.BeanClassInjector] - Map alias 'regExpr-system_selector-0' to class RegExprMatcher'
2009-02-06 07:39:30,340 INFO [org.onecmdb.core.utils.bean.BeanClassInjector] - Map alias 'system_server' to class DataSet'
2009-02-06 07:39:30,365 INFO [org.onecmdb.core.utils.bean.BeanClassInjector] - Map alias 'instanceSelector-system_server' to class JDBCInstanceSelector'
2009-02-06 07:39:30,401 INFO [org.onecmdb.core.utils.bean.BeanClassInjector] - Map alias 'system' to class DataSet'
2009-02-06 07:39:30,425 INFO [org.onecmdb.core.utils.bean.BeanClassInjector] - Map alias 'instanceSelector-system' to class JDBCInstanceSelector'
2009-02-06 07:39:30,446 INFO [org.onecmdb.core.utils.bean.BeanClassInjector] - Map alias 'system-Hostname' to class JDBCAttributeSelector'
2009-02-06 07:39:30,469 INFO [org.onecmdb.core.utils.bean.BeanClassInjector] - Map alias 'system-IPAddress' to class JDBCAttributeSelector'
2009-02-06 07:39:30,490 INFO [org.onecmdb.core.utils.bean.BeanClassInjector] - Map alias 'system-IPv6Address' to class JDBCAttributeSelector'
2009-02-06 07:39:30,514 INFO [org.onecmdb.core.utils.bean.BeanClassInjector] - Map alias 'system-MAC_Address' to class JDBCAttributeSelector'
2009-02-06 07:39:30,532 INFO [org.onecmdb.core.utils.bean.BeanClassInjector] - Map alias 'system-SerialNumber' to class JDBCAttributeSelector'
2009-02-06 07:39:30,554 INFO [org.onecmdb.core.utils.bean.BeanClassInjector] - Map alias 'system-Network' to class ComplexAttributeSelector'
2009-02-06 07:39:30,573 INFO [org.onecmdb.core.utils.bean.BeanClassInjector] - Map alias 'network' to class DataSet'
2009-02-06 07:39:30,591 INFO [org.onecmdb.core.utils.bean.BeanClassInjector] - Map alias 'instanceSelector-network' to class JDBCInstanceSelector'
2009-02-06 07:39:30,616 INFO [org.onecmdb.core.utils.bean.BeanClassInjector] - Map alias 'network-Name' to class JDBCAttributeSelector'
2009-02-06 07:39:30,636 INFO [org.onecmdb.core.utils.bean.BeanClassInjector] - Map alias 'system_selector-0-expr' to class JDBCAttributeSelector'
2009-02-06 07:39:30,655 INFO [org.onecmdb.core.utils.bean.BeanClassInjector] - Map alias 'regExpr-system_selector-1' to class RegExprMatcher'
2009-02-06 07:39:30,678 INFO [org.onecmdb.core.utils.bean.BeanClassInjector] - Map alias 'system_laptop' to class DataSet'
2009-02-06 07:39:30,697 INFO [org.onecmdb.core.utils.bean.BeanClassInjector] - Map alias 'instanceSelector-system_laptop' to class JDBCInstanceSelector'
2009-02-06 07:39:30,936 INFO [org.onecmdb.core.utils.bean.BeanClassInjector] - Map alias 'system_selector-1-expr' to class JDBCAttributeSelector'
2009-02-06 07:39:30,957 INFO [org.onecmdb.core.utils.bean.BeanClassInjector] - Map alias 'regExpr-system_selector-2' to class RegExprMatcher'
2009-02-06 07:39:30,974 INFO [org.onecmdb.core.utils.bean.BeanClassInjector] - Map alias 'system_desktop' to class DataSet'
2009-02-06 07:39:30,992 INFO [org.onecmdb.core.utils.bean.BeanClassInjector] - Map alias 'instanceSelector-system_desktop' to class JDBCInstanceSelector'
2009-02-06 07:39:31,212 INFO [org.onecmdb.core.utils.bean.BeanClassInjector] - Map alias 'system_selector-2-expr' to class JDBCAttributeSelector'
2009-02-06 07:39:31,232 INFO [org.onecmdb.core.utils.bean.BeanClassInjector] - Map alias 'regExpr-system_selector-3' to class RegExprMatcher'
2009-02-06 07:39:31,250 INFO [org.onecmdb.core.utils.bean.BeanClassInjector] - Map alias 'system_netprinter' to class DataSet'
2009-02-06 07:39:31,270 INFO [org.onecmdb.core.utils.bean.BeanClassInjector] - Map alias 'instanceSelector-system_netprinter' to class JDBCInstanceSelector'
2009-02-06 07:39:31,484 INFO [org.onecmdb.core.utils.bean.BeanClassInjector] - Map alias 'system_selector-3-expr' to class JDBCAttributeSelector'
2009-02-06 07:39:31,500 INFO [org.onecmdb.core.utils.bean.BeanClassInjector] - Map alias 'regExpr-system_selector-4' to class RegExprMatcher'
2009-02-06 07:39:31,518 INFO [org.onecmdb.core.utils.bean.BeanClassInjector] - Map alias 'system_switch' to class DataSet'
2009-02-06 07:39:31,537 INFO [org.onecmdb.core.utils.bean.BeanClassInjector] - Map alias 'instanceSelector-system_switch' to class JDBCInstanceSelector'
2009-02-06 07:39:31,790 INFO [org.onecmdb.core.utils.bean.BeanClassInjector] - Map alias 'system_selector-4-expr' to class JDBCAttributeSelector'
2009-02-06 07:39:31,807 INFO [org.onecmdb.core.utils.bean.BeanClassInjector] - Map alias 'regExpr-system_selector-5' to class RegExprMatcher'
2009-02-06 07:39:31,823 INFO [org.onecmdb.core.utils.bean.BeanClassInjector] - Map alias 'system_router' to class DataSet'
2009-02-06 07:39:31,839 INFO [org.onecmdb.core.utils.bean.BeanClassInjector] - Map alias 'instanceSelector-system_router' to class JDBCInstanceSelector'
2009-02-06 07:39:32,060 INFO [org.onecmdb.core.utils.bean.BeanClassInjector] - Map alias 'system_selector-5-expr' to class JDBCAttributeSelector'
2009-02-06 07:39:32,076 INFO [org.onecmdb.core.utils.bean.BeanClassInjector] - Map alias 'fw-network' to class ComplexAttributeSelector'
2009-02-06 07:43:26,587 INFO [org.onecmdb.core.utils.bean.BeanClassInjector] - Map alias 'jdbc2systems' to class DataSet'
2009-02-06 07:43:26,644 INFO [org.onecmdb.core.utils.bean.BeanClassInjector] - Map alias 'fw-jdbc2systems' to class ForwardInstanceSelector'
2009-02-06 07:43:26,686 INFO [org.onecmdb.core.utils.bean.BeanClassInjector] - Map alias 'fw-system' to class ComplexAttributeSelector'
2009-02-06 07:43:26,719 INFO [org.onecmdb.core.utils.bean.BeanClassInjector] - Map alias 'system' to class DataSet'
2009-02-06 07:43:26,751 INFO [org.onecmdb.core.utils.bean.BeanClassInjector] - Map alias 'instanceSelector-system' to class JDBCInstanceSelector'
2009-02-06 07:43:26,784 INFO [org.onecmdb.core.utils.bean.BeanClassInjector] - Map alias 'system-Hostname' to class JDBCAttributeSelector'
2009-02-06 07:43:26,819 INFO [org.onecmdb.core.utils.bean.BeanClassInjector] - Map alias 'system-IPAddress' to class JDBCAttributeSelector'
2009-02-06 07:43:26,845 INFO [org.onecmdb.core.utils.bean.BeanClassInjector] - Map alias 'system-IPv6Address' to class JDBCAttributeSelector'
2009-02-06 07:43:26,879 INFO [org.onecmdb.core.utils.bean.BeanClassInjector] - Map alias 'system-MAC_Address' to class JDBCAttributeSelector'
2009-02-06 07:43:26,903 INFO [org.onecmdb.core.utils.bean.BeanClassInjector] - Map alias 'system-SerialNumber' to class JDBCAttributeSelector'
2009-02-06 07:43:26,925 INFO [org.onecmdb.core.utils.bean.BeanClassInjector] - Map alias 'system-Network' to class ComplexAttributeSelector'
2009-02-06 07:43:26,946 INFO [org.onecmdb.core.utils.bean.BeanClassInjector] - Map alias 'network' to class DataSet'
2009-02-06 07:43:26,967 INFO [org.onecmdb.core.utils.bean.BeanClassInjector] - Map alias 'instanceSelector-network' to class JDBCInstanceSelector'
2009-02-06 07:43:26,990 INFO [org.onecmdb.core.utils.bean.BeanClassInjector] - Map alias 'network-Name' to class JDBCAttributeSelector'
2009-02-06 07:43:27,013 INFO [org.onecmdb.core.utils.bean.BeanClassInjector] - Map alias 'fw-os' to class ComplexAttributeSelector'
2009-02-06 07:43:27,033 INFO [org.onecmdb.core.utils.bean.BeanClassInjector] - Map alias 'os' to class DataSet'
2009-02-06 07:43:27,054 INFO [org.onecmdb.core.utils.bean.BeanClassInjector] - Map alias 'instanceSelector-os' to class JDBCInstanceSelector'
2009-02-06 07:43:27,072 INFO [org.onecmdb.core.utils.bean.BeanClassInjector] - Map alias 'os-Version' to class JDBCAttributeSelector'
2009-02-06 07:43:27,097 INFO [org.onecmdb.core.utils.bean.BeanClassInjector] - Map alias 'os-Family' to class JDBCAttributeSelector'
2009-02-06 07:43:27,115 INFO [org.onecmdb.core.utils.bean.BeanClassInjector] - Map alias 'os-LicenseKey' to class JDBCAttributeSelector'
2009-02-06 07:43:27,134 INFO [org.onecmdb.core.utils.bean.BeanClassInjector] - Map alias 'os-InstalledOn' to class ComplexAttributeSelector'
2009-02-06 07:43:27,362 INFO [org.onecmdb.core.utils.bean.BeanClassInjector] - Map alias 'fw-network' to class ComplexAttributeSelector'
2009-02-06 07:44:05,404 INFO [org.onecmdb.core.utils.bean.BeanClassInjector] - Map alias 'jdbc2systems' to class DataSet'
2009-02-06 07:44:05,465 INFO [org.onecmdb.core.utils.bean.BeanClassInjector] - Map alias 'fw-jdbc2systems' to class ForwardInstanceSelector'
2009-02-06 07:44:05,509 INFO [org.onecmdb.core.utils.bean.BeanClassInjector] - Map alias 'fw-system' to class ComplexAttributeSelector'
2009-02-06 07:44:05,542 INFO [org.onecmdb.core.utils.bean.BeanClassInjector] - Map alias 'system' to class DataSet'
2009-02-06 07:44:05,572 INFO [org.onecmdb.core.utils.bean.BeanClassInjector] - Map alias 'instanceSelector-system' to class JDBCInstanceSelector'
2009-02-06 07:44:05,605 INFO [org.onecmdb.core.utils.bean.BeanClassInjector] - Map alias 'system-Hostname' to class JDBCAttributeSelector'
2009-02-06 07:44:05,643 INFO [org.onecmdb.core.utils.bean.BeanClassInjector] - Map alias 'system-IPAddress' to class JDBCAttributeSelector'
2009-02-06 07:44:05,671 INFO [org.onecmdb.core.utils.bean.BeanClassInjector] - Map alias 'system-IPv6Address' to class JDBCAttributeSelector'
2009-02-06 07:44:05,704 INFO [org.onecmdb.core.utils.bean.BeanClassInjector] - Map alias 'system-MAC_Address' to class JDBCAttributeSelector'
2009-02-06 07:44:05,728 INFO [org.onecmdb.core.utils.bean.BeanClassInjector] - Map alias 'system-SerialNumber' to class JDBCAttributeSelector'
2009-02-06 07:44:05,747 INFO [org.onecmdb.core.utils.bean.BeanClassInjector] - Map alias 'system-Network' to class ComplexAttributeSelector'
2009-02-06 07:44:05,769 INFO [org.onecmdb.core.utils.bean.BeanClassInjector] - Map alias 'network' to class DataSet'
2009-02-06 07:44:05,789 INFO [org.onecmdb.core.utils.bean.BeanClassInjector] - Map alias 'instanceSelector-network' to class JDBCInstanceSelector'
2009-02-06 07:44:05,811 INFO [org.onecmdb.core.utils.bean.BeanClassInjector] - Map alias 'network-Name' to class JDBCAttributeSelector'
2009-02-06 07:44:05,829 INFO [org.onecmdb.core.utils.bean.BeanClassInjector] - Map alias 'fw-os' to class ComplexAttributeSelector'
2009-02-06 07:44:05,848 INFO [org.onecmdb.core.utils.bean.BeanClassInjector] - Map alias 'os' to class DataSet'
2009-02-06 07:44:05,869 INFO [org.onecmdb.core.utils.bean.BeanClassInjector] - Map alias 'instanceSelector-os' to class JDBCInstanceSelector'
2009-02-06 07:44:05,892 INFO [org.onecmdb.core.utils.bean.BeanClassInjector] - Map alias 'os-Version' to class JDBCAttributeSelector'
2009-02-06 07:44:05,920 INFO [org.onecmdb.core.utils.bean.BeanClassInjector] - Map alias 'os-Family' to class JDBCAttributeSelector'
2009-02-06 07:44:05,938 INFO [org.onecmdb.core.utils.bean.BeanClassInjector] - Map alias 'os-LicenseKey' to class JDBCAttributeSelector'
2009-02-06 07:44:05,958 INFO [org.onecmdb.core.utils.bean.BeanClassInjector] - Map alias 'os-InstalledOn' to class ComplexAttributeSelector'
2009-02-06 07:44:06,183 INFO [org.onecmdb.core.utils.bean.BeanClassInjector] - Map alias 'fw-network' to class ComplexAttributeSelector'
2009-02-06 07:44:21,100 INFO [org.onecmdb.core.utils.bean.BeanClassInjector] - Map alias 'jdbc2systems' to class DataSet'
2009-02-06 07:44:21,158 INFO [org.onecmdb.core.utils.bean.BeanClassInjector] - Map alias 'fw-jdbc2systems' to class ForwardInstanceSelector'
2009-02-06 07:44:21,200 INFO [org.onecmdb.core.utils.bean.BeanClassInjector] - Map alias 'fw-system' to class ComplexAttributeSelector'
2009-02-06 07:44:21,231 INFO [org.onecmdb.core.utils.bean.BeanClassInjector] - Map alias 'system' to class DataSet'
2009-02-06 07:44:21,261 INFO [org.onecmdb.core.utils.bean.BeanClassInjector] - Map alias 'instanceSelector-system' to class JDBCInstanceSelector'
2009-02-06 07:44:21,291 INFO [org.onecmdb.core.utils.bean.BeanClassInjector] - Map alias 'system-Hostname' to class JDBCAttributeSelector'
2009-02-06 07:44:21,329 INFO [org.onecmdb.core.utils.bean.BeanClassInjector] - Map alias 'system-IPAddress' to class JDBCAttributeSelector'
2009-02-06 07:44:21,357 INFO [org.onecmdb.core.utils.bean.BeanClassInjector] - Map alias 'system-IPv6Address' to class JDBCAttributeSelector'
2009-02-06 07:44:21,393 INFO [org.onecmdb.core.utils.bean.BeanClassInjector] - Map alias 'system-MAC_Address' to class JDBCAttributeSelector'
2009-02-06 07:44:21,415 INFO [org.onecmdb.core.utils.bean.BeanClassInjector] - Map alias 'system-SerialNumber' to class JDBCAttributeSelector'
2009-02-06 07:44:21,437 INFO [org.onecmdb.core.utils.bean.BeanClassInjector] - Map alias 'system-Network' to class ComplexAttributeSelector'
2009-02-06 07:44:21,459 INFO [org.onecmdb.core.utils.bean.BeanClassInjector] - Map alias 'network' to class DataSet'
2009-02-06 07:44:21,478 INFO [org.onecmdb.core.utils.bean.BeanClassInjector] - Map alias 'instanceSelector-network' to class JDBCInstanceSelector'
2009-02-06 07:44:21,501 INFO [org.onecmdb.core.utils.bean.BeanClassInjector] - Map alias 'network-Name' to class JDBCAttributeSelector'
2009-02-06 07:44:21,521 INFO [org.onecmdb.core.utils.bean.BeanClassInjector] - Map alias 'fw-os' to class ComplexAttributeSelector'
2009-02-06 07:44:21,540 INFO [org.onecmdb.core.utils.bean.BeanClassInjector] - Map alias 'os' to class DataSet'
2009-02-06 07:44:21,559 INFO [org.onecmdb.core.utils.bean.BeanClassInjector] - Map alias 'instanceSelector-os' to class JDBCInstanceSelector'
2009-02-06 07:44:21,581 INFO [org.onecmdb.core.utils.bean.BeanClassInjector] - Map alias 'os-Version' to class JDBCAttributeSelector'
2009-02-06 07:44:21,600 INFO [org.onecmdb.core.utils.bean.BeanClassInjector] - Map alias 'os-Family' to class JDBCAttributeSelector'
2009-02-06 07:44:21,619 INFO [org.onecmdb.core.utils.bean.BeanClassInjector] - Map alias 'os-LicenseKey' to class JDBCAttributeSelector'
2009-02-06 07:44:21,642 INFO [org.onecmdb.core.utils.bean.BeanClassInjector] - Map alias 'os-InstalledOn' to class ComplexAttributeSelector'
2009-02-06 07:44:21,874 INFO [org.onecmdb.core.utils.bean.BeanClassInjector] - Map alias 'fw-network' to class ComplexAttributeSelector'
